CRITICAL - 2023-08-08 07:47:19 --> require_once(pages.php): Failed to open stream: No such file or directory
in APPPATH\Views\index.php on line 8.
 1 APPPATH\Views\index.php(8): CodeIgniter\Debug\Exceptions->errorHandler(2, 'require_once(pages.php): Failed to open stream: No such file or directory', 'C:\\xampp\\htdocs\\ci4\\app\\Views\\index.php', 8)
 2 APPPATH\Views\index.php(8): require_once()
 3 SYSTEMPATH\View\View.php(224): include('C:\\xampp\\htdocs\\ci4\\app\\Views\\index.php')
 4 SYSTEMPATH\View\View.php(227): CodeIgniter\View\View->CodeIgniter\View\{closure}()
 5 SYSTEMPATH\Common.php(1176): CodeIgniter\View\View->render('index', [], true)
 6 APPPATH\Controllers\Home.php(11): view('index', [...])
 7 SYSTEMPATH\CodeIgniter.php(932): App\Controllers\Home->index('pages', 'tables')
 8 SYSTEMPATH\CodeIgniter.php(497): CodeIgniter\CodeIgniter->runController(Object(App\Controllers\Home))
 9 SYSTEMPATH\CodeIgniter.php(366): CodeIgniter\CodeIgniter->handleRequest(null, Object(Config\Cache), false)
10 FCPATH\index.php(67): CodeIgniter\CodeIgniter->run()
CRITICAL - 2023-08-08 07:47:24 --> require_once(pages.php): Failed to open stream: No such file or directory
in APPPATH\Views\index.php on line 8.
 1 APPPATH\Views\index.php(8): CodeIgniter\Debug\Exceptions->errorHandler(2, 'require_once(pages.php): Failed to open stream: No such file or directory', 'C:\\xampp\\htdocs\\ci4\\app\\Views\\index.php', 8)
 2 APPPATH\Views\index.php(8): require_once()
 3 SYSTEMPATH\View\View.php(224): include('C:\\xampp\\htdocs\\ci4\\app\\Views\\index.php')
 4 SYSTEMPATH\View\View.php(227): CodeIgniter\View\View->CodeIgniter\View\{closure}()
 5 SYSTEMPATH\Common.php(1176): CodeIgniter\View\View->render('index', [], true)
 6 APPPATH\Controllers\Home.php(11): view('index', [...])
 7 SYSTEMPATH\CodeIgniter.php(932): App\Controllers\Home->index('pages', 'tables')
 8 SYSTEMPATH\CodeIgniter.php(497): CodeIgniter\CodeIgniter->runController(Object(App\Controllers\Home))
 9 SYSTEMPATH\CodeIgniter.php(366): CodeIgniter\CodeIgniter->handleRequest(null, Object(Config\Cache), false)
10 FCPATH\index.php(67): CodeIgniter\CodeIgniter->run()
CRITICAL - 2023-08-08 07:47:37 --> require_once(pages.php): Failed to open stream: No such file or directory
in APPPATH\Views\index.php on line 8.
 1 APPPATH\Views\index.php(8): CodeIgniter\Debug\Exceptions->errorHandler(2, 'require_once(pages.php): Failed to open stream: No such file or directory', 'C:\\xampp\\htdocs\\ci4\\app\\Views\\index.php', 8)
 2 APPPATH\Views\index.php(8): require_once()
 3 SYSTEMPATH\View\View.php(224): include('C:\\xampp\\htdocs\\ci4\\app\\Views\\index.php')
 4 SYSTEMPATH\View\View.php(227): CodeIgniter\View\View->CodeIgniter\View\{closure}()
 5 SYSTEMPATH\Common.php(1176): CodeIgniter\View\View->render('index', [], true)
 6 APPPATH\Controllers\Home.php(11): view('index', [...])
 7 SYSTEMPATH\CodeIgniter.php(932): App\Controllers\Home->index('pages', 'tables')
 8 SYSTEMPATH\CodeIgniter.php(497): CodeIgniter\CodeIgniter->runController(Object(App\Controllers\Home))
 9 SYSTEMPATH\CodeIgniter.php(366): CodeIgniter\CodeIgniter->handleRequest(null, Object(Config\Cache), false)
10 FCPATH\index.php(67): CodeIgniter\CodeIgniter->run()
CRITICAL - 2023-08-08 07:48:59 --> require_once(pages.php): Failed to open stream: No such file or directory
in APPPATH\Views\index.php on line 8.
 1 APPPATH\Views\index.php(8): CodeIgniter\Debug\Exceptions->errorHandler(2, 'require_once(pages.php): Failed to open stream: No such file or directory', 'C:\\xampp\\htdocs\\ci4\\app\\Views\\index.php', 8)
 2 APPPATH\Views\index.php(8): require_once()
 3 SYSTEMPATH\View\View.php(224): include('C:\\xampp\\htdocs\\ci4\\app\\Views\\index.php')
 4 SYSTEMPATH\View\View.php(227): CodeIgniter\View\View->CodeIgniter\View\{closure}()
 5 SYSTEMPATH\Common.php(1176): CodeIgniter\View\View->render('index', [], true)
 6 APPPATH\Controllers\Home.php(11): view('index', [...])
 7 SYSTEMPATH\CodeIgniter.php(932): App\Controllers\Home->index('pages', 'tables')
 8 SYSTEMPATH\CodeIgniter.php(497): CodeIgniter\CodeIgniter->runController(Object(App\Controllers\Home))
 9 SYSTEMPATH\CodeIgniter.php(366): CodeIgniter\CodeIgniter->handleRequest(null, Object(Config\Cache), false)
10 FCPATH\index.php(67): CodeIgniter\CodeIgniter->run()
CRITICAL - 2023-08-08 07:49:02 --> require_once(pages.php): Failed to open stream: No such file or directory
in APPPATH\Views\index.php on line 8.
 1 APPPATH\Views\index.php(8): CodeIgniter\Debug\Exceptions->errorHandler(2, 'require_once(pages.php): Failed to open stream: No such file or directory', 'C:\\xampp\\htdocs\\ci4\\app\\Views\\index.php', 8)
 2 APPPATH\Views\index.php(8): require_once()
 3 SYSTEMPATH\View\View.php(224): include('C:\\xampp\\htdocs\\ci4\\app\\Views\\index.php')
 4 SYSTEMPATH\View\View.php(227): CodeIgniter\View\View->CodeIgniter\View\{closure}()
 5 SYSTEMPATH\Common.php(1176): CodeIgniter\View\View->render('index', [], true)
 6 APPPATH\Controllers\Home.php(11): view('index', [...])
 7 SYSTEMPATH\CodeIgniter.php(932): App\Controllers\Home->index('pages', 'billing')
 8 SYSTEMPATH\CodeIgniter.php(497): CodeIgniter\CodeIgniter->runController(Object(App\Controllers\Home))
 9 SYSTEMPATH\CodeIgniter.php(366): CodeIgniter\CodeIgniter->handleRequest(null, Object(Config\Cache), false)
10 FCPATH\index.php(67): CodeIgniter\CodeIgniter->run()
CRITICAL - 2023-08-08 07:49:04 --> require_once(pages.php): Failed to open stream: No such file or directory
in APPPATH\Views\index.php on line 8.
 1 APPPATH\Views\index.php(8): CodeIgniter\Debug\Exceptions->errorHandler(2, 'require_once(pages.php): Failed to open stream: No such file or directory', 'C:\\xampp\\htdocs\\ci4\\app\\Views\\index.php', 8)
 2 APPPATH\Views\index.php(8): require_once()
 3 SYSTEMPATH\View\View.php(224): include('C:\\xampp\\htdocs\\ci4\\app\\Views\\index.php')
 4 SYSTEMPATH\View\View.php(227): CodeIgniter\View\View->CodeIgniter\View\{closure}()
 5 SYSTEMPATH\Common.php(1176): CodeIgniter\View\View->render('index', [], true)
 6 APPPATH\Controllers\Home.php(11): view('index', [...])
 7 SYSTEMPATH\CodeIgniter.php(932): App\Controllers\Home->index('pages', 'rtl')
 8 SYSTEMPATH\CodeIgniter.php(497): CodeIgniter\CodeIgniter->runController(Object(App\Controllers\Home))
 9 SYSTEMPATH\CodeIgniter.php(366): CodeIgniter\CodeIgniter->handleRequest(null, Object(Config\Cache), false)
10 FCPATH\index.php(67): CodeIgniter\CodeIgniter->run()
CRITICAL - 2023-08-08 07:49:08 --> require_once(pages.php): Failed to open stream: No such file or directory
in APPPATH\Views\index.php on line 8.
 1 APPPATH\Views\index.php(8): CodeIgniter\Debug\Exceptions->errorHandler(2, 'require_once(pages.php): Failed to open stream: No such file or directory', 'C:\\xampp\\htdocs\\ci4\\app\\Views\\index.php', 8)
 2 APPPATH\Views\index.php(8): require_once()
 3 SYSTEMPATH\View\View.php(224): include('C:\\xampp\\htdocs\\ci4\\app\\Views\\index.php')
 4 SYSTEMPATH\View\View.php(227): CodeIgniter\View\View->CodeIgniter\View\{closure}()
 5 SYSTEMPATH\Common.php(1176): CodeIgniter\View\View->render('index', [], true)
 6 APPPATH\Controllers\Home.php(11): view('index', [...])
 7 SYSTEMPATH\CodeIgniter.php(932): App\Controllers\Home->index('pages', 'notifications')
 8 SYSTEMPATH\CodeIgniter.php(497): CodeIgniter\CodeIgniter->runController(Object(App\Controllers\Home))
 9 SYSTEMPATH\CodeIgniter.php(366): CodeIgniter\CodeIgniter->handleRequest(null, Object(Config\Cache), false)
10 FCPATH\index.php(67): CodeIgniter\CodeIgniter->run()
CRITICAL - 2023-08-08 07:49:19 --> require_once(notifications.php): Failed to open stream: No such file or directory
in APPPATH\Views\index.php on line 8.
 1 APPPATH\Views\index.php(8): CodeIgniter\Debug\Exceptions->errorHandler(2, 'require_once(notifications.php): Failed to open stream: No such file or directory', 'C:\\xampp\\htdocs\\ci4\\app\\Views\\index.php', 8)
 2 APPPATH\Views\index.php(8): require_once()
 3 SYSTEMPATH\View\View.php(224): include('C:\\xampp\\htdocs\\ci4\\app\\Views\\index.php')
 4 SYSTEMPATH\View\View.php(227): CodeIgniter\View\View->CodeIgniter\View\{closure}()
 5 SYSTEMPATH\Common.php(1176): CodeIgniter\View\View->render('index', [], true)
 6 APPPATH\Controllers\Home.php(11): view('index', [...])
 7 SYSTEMPATH\CodeIgniter.php(932): App\Controllers\Home->index('notifications')
 8 SYSTEMPATH\CodeIgniter.php(497): CodeIgniter\CodeIgniter->runController(Object(App\Controllers\Home))
 9 SYSTEMPATH\CodeIgniter.php(366): CodeIgniter\CodeIgniter->handleRequest(null, Object(Config\Cache), false)
10 FCPATH\index.php(67): CodeIgniter\CodeIgniter->run()
CRITICAL - 2023-08-08 07:56:02 --> require_once(pages.php): Failed to open stream: No such file or directory
in APPPATH\Views\index.php on line 8.
 1 APPPATH\Views\index.php(8): CodeIgniter\Debug\Exceptions->errorHandler(2, 'require_once(pages.php): Failed to open stream: No such file or directory', 'C:\\xampp\\htdocs\\ci4\\app\\Views\\index.php', 8)
 2 APPPATH\Views\index.php(8): require_once()
 3 SYSTEMPATH\View\View.php(224): include('C:\\xampp\\htdocs\\ci4\\app\\Views\\index.php')
 4 SYSTEMPATH\View\View.php(227): CodeIgniter\View\View->CodeIgniter\View\{closure}()
 5 SYSTEMPATH\Common.php(1176): CodeIgniter\View\View->render('index', [], true)
 6 APPPATH\Controllers\Home.php(11): view('index', [...])
 7 SYSTEMPATH\CodeIgniter.php(932): App\Controllers\Home->index('pages', 'notifications')
 8 SYSTEMPATH\CodeIgniter.php(497): CodeIgniter\CodeIgniter->runController(Object(App\Controllers\Home))
 9 SYSTEMPATH\CodeIgniter.php(366): CodeIgniter\CodeIgniter->handleRequest(null, Object(Config\Cache), false)
10 FCPATH\index.php(67): CodeIgniter\CodeIgniter->run()
CRITICAL - 2023-08-08 07:56:23 --> require_once(pages.php): Failed to open stream: No such file or directory
in APPPATH\Views\index.php on line 8.
 1 APPPATH\Views\index.php(8): CodeIgniter\Debug\Exceptions->errorHandler(2, 'require_once(pages.php): Failed to open stream: No such file or directory', 'C:\\xampp\\htdocs\\ci4\\app\\Views\\index.php', 8)
 2 APPPATH\Views\index.php(8): require_once()
 3 SYSTEMPATH\View\View.php(224): include('C:\\xampp\\htdocs\\ci4\\app\\Views\\index.php')
 4 SYSTEMPATH\View\View.php(227): CodeIgniter\View\View->CodeIgniter\View\{closure}()
 5 SYSTEMPATH\Common.php(1176): CodeIgniter\View\View->render('index', [], true)
 6 APPPATH\Controllers\Home.php(11): view('index', [...])
 7 SYSTEMPATH\CodeIgniter.php(932): App\Controllers\Home->index('pages', 'tables')
 8 SYSTEMPATH\CodeIgniter.php(497): CodeIgniter\CodeIgniter->runController(Object(App\Controllers\Home))
 9 SYSTEMPATH\CodeIgniter.php(366): CodeIgniter\CodeIgniter->handleRequest(null, Object(Config\Cache), false)
10 FCPATH\index.php(67): CodeIgniter\CodeIgniter->run()
CRITICAL - 2023-08-08 07:56:26 --> require_once(pages.php): Failed to open stream: No such file or directory
in APPPATH\Views\index.php on line 8.
 1 APPPATH\Views\index.php(8): CodeIgniter\Debug\Exceptions->errorHandler(2, 'require_once(pages.php): Failed to open stream: No such file or directory', 'C:\\xampp\\htdocs\\ci4\\app\\Views\\index.php', 8)
 2 APPPATH\Views\index.php(8): require_once()
 3 SYSTEMPATH\View\View.php(224): include('C:\\xampp\\htdocs\\ci4\\app\\Views\\index.php')
 4 SYSTEMPATH\View\View.php(227): CodeIgniter\View\View->CodeIgniter\View\{closure}()
 5 SYSTEMPATH\Common.php(1176): CodeIgniter\View\View->render('index', [], true)
 6 APPPATH\Controllers\Home.php(11): view('index', [...])
 7 SYSTEMPATH\CodeIgniter.php(932): App\Controllers\Home->index('pages', 'virtual-reality')
 8 SYSTEMPATH\CodeIgniter.php(497): CodeIgniter\CodeIgniter->runController(Object(App\Controllers\Home))
 9 SYSTEMPATH\CodeIgniter.php(366): CodeIgniter\CodeIgniter->handleRequest(null, Object(Config\Cache), false)
10 FCPATH\index.php(67): CodeIgniter\CodeIgniter->run()
CRITICAL - 2023-08-08 07:56:54 --> require_once(pages.php): Failed to open stream: No such file or directory
in APPPATH\Views\index.php on line 8.
 1 APPPATH\Views\index.php(8): CodeIgniter\Debug\Exceptions->errorHandler(2, 'require_once(pages.php): Failed to open stream: No such file or directory', 'C:\\xampp\\htdocs\\ci4\\app\\Views\\index.php', 8)
 2 APPPATH\Views\index.php(8): require_once()
 3 SYSTEMPATH\View\View.php(224): include('C:\\xampp\\htdocs\\ci4\\app\\Views\\index.php')
 4 SYSTEMPATH\View\View.php(227): CodeIgniter\View\View->CodeIgniter\View\{closure}()
 5 SYSTEMPATH\Common.php(1176): CodeIgniter\View\View->render('index', [], true)
 6 APPPATH\Controllers\Home.php(11): view('index', [...])
 7 SYSTEMPATH\CodeIgniter.php(932): App\Controllers\Home->index('pages', 'notifications')
 8 SYSTEMPATH\CodeIgniter.php(497): CodeIgniter\CodeIgniter->runController(Object(App\Controllers\Home))
 9 SYSTEMPATH\CodeIgniter.php(366): CodeIgniter\CodeIgniter->handleRequest(null, Object(Config\Cache), false)
10 FCPATH\index.php(67): CodeIgniter\CodeIgniter->run()
CRITICAL - 2023-08-08 07:57:09 --> require_once(pages.php): Failed to open stream: No such file or directory
in APPPATH\Views\index.php on line 8.
 1 APPPATH\Views\index.php(8): CodeIgniter\Debug\Exceptions->errorHandler(2, 'require_once(pages.php): Failed to open stream: No such file or directory', 'C:\\xampp\\htdocs\\ci4\\app\\Views\\index.php', 8)
 2 APPPATH\Views\index.php(8): require_once()
 3 SYSTEMPATH\View\View.php(224): include('C:\\xampp\\htdocs\\ci4\\app\\Views\\index.php')
 4 SYSTEMPATH\View\View.php(227): CodeIgniter\View\View->CodeIgniter\View\{closure}()
 5 SYSTEMPATH\Common.php(1176): CodeIgniter\View\View->render('index', [], true)
 6 APPPATH\Controllers\Home.php(11): view('index', [...])
 7 SYSTEMPATH\CodeIgniter.php(932): App\Controllers\Home->index('pages', 'billing')
 8 SYSTEMPATH\CodeIgniter.php(497): CodeIgniter\CodeIgniter->runController(Object(App\Controllers\Home))
 9 SYSTEMPATH\CodeIgniter.php(366): CodeIgniter\CodeIgniter->handleRequest(null, Object(Config\Cache), false)
10 FCPATH\index.php(67): CodeIgniter\CodeIgniter->run()
CRITICAL - 2023-08-08 07:57:15 --> require_once(pages.php): Failed to open stream: No such file or directory
in APPPATH\Views\index.php on line 8.
 1 APPPATH\Views\index.php(8): CodeIgniter\Debug\Exceptions->errorHandler(2, 'require_once(pages.php): Failed to open stream: No such file or directory', 'C:\\xampp\\htdocs\\ci4\\app\\Views\\index.php', 8)
 2 APPPATH\Views\index.php(8): require_once()
 3 SYSTEMPATH\View\View.php(224): include('C:\\xampp\\htdocs\\ci4\\app\\Views\\index.php')
 4 SYSTEMPATH\View\View.php(227): CodeIgniter\View\View->CodeIgniter\View\{closure}()
 5 SYSTEMPATH\Common.php(1176): CodeIgniter\View\View->render('index', [], true)
 6 APPPATH\Controllers\Home.php(11): view('index', [...])
 7 SYSTEMPATH\CodeIgniter.php(932): App\Controllers\Home->index('pages', 'rtl')
 8 SYSTEMPATH\CodeIgniter.php(497): CodeIgniter\CodeIgniter->runController(Object(App\Controllers\Home))
 9 SYSTEMPATH\CodeIgniter.php(366): CodeIgniter\CodeIgniter->handleRequest(null, Object(Config\Cache), false)
10 FCPATH\index.php(67): CodeIgniter\CodeIgniter->run()
CRITICAL - 2023-08-08 07:57:18 --> require_once(pages.php): Failed to open stream: No such file or directory
in APPPATH\Views\index.php on line 8.
 1 APPPATH\Views\index.php(8): CodeIgniter\Debug\Exceptions->errorHandler(2, 'require_once(pages.php): Failed to open stream: No such file or directory', 'C:\\xampp\\htdocs\\ci4\\app\\Views\\index.php', 8)
 2 APPPATH\Views\index.php(8): require_once()
 3 SYSTEMPATH\View\View.php(224): include('C:\\xampp\\htdocs\\ci4\\app\\Views\\index.php')
 4 SYSTEMPATH\View\View.php(227): CodeIgniter\View\View->CodeIgniter\View\{closure}()
 5 SYSTEMPATH\Common.php(1176): CodeIgniter\View\View->render('index', [], true)
 6 APPPATH\Controllers\Home.php(11): view('index', [...])
 7 SYSTEMPATH\CodeIgniter.php(932): App\Controllers\Home->index('pages', 'tables')
 8 SYSTEMPATH\CodeIgniter.php(497): CodeIgniter\CodeIgniter->runController(Object(App\Controllers\Home))
 9 SYSTEMPATH\CodeIgniter.php(366): CodeIgniter\CodeIgniter->handleRequest(null, Object(Config\Cache), false)
10 FCPATH\index.php(67): CodeIgniter\CodeIgniter->run()
CRITICAL - 2023-08-08 07:57:28 --> require_once(pages.php): Failed to open stream: No such file or directory
in APPPATH\Views\index.php on line 8.
 1 APPPATH\Views\index.php(8): CodeIgniter\Debug\Exceptions->errorHandler(2, 'require_once(pages.php): Failed to open stream: No such file or directory', 'C:\\xampp\\htdocs\\ci4\\app\\Views\\index.php', 8)
 2 APPPATH\Views\index.php(8): require_once()
 3 SYSTEMPATH\View\View.php(224): include('C:\\xampp\\htdocs\\ci4\\app\\Views\\index.php')
 4 SYSTEMPATH\View\View.php(227): CodeIgniter\View\View->CodeIgniter\View\{closure}()
 5 SYSTEMPATH\Common.php(1176): CodeIgniter\View\View->render('index', [], true)
 6 APPPATH\Controllers\Home.php(11): view('index', [...])
 7 SYSTEMPATH\CodeIgniter.php(932): App\Controllers\Home->index('pages', 'dashboard')
 8 SYSTEMPATH\CodeIgniter.php(497): CodeIgniter\CodeIgniter->runController(Object(App\Controllers\Home))
 9 SYSTEMPATH\CodeIgniter.php(366): CodeIgniter\CodeIgniter->handleRequest(null, Object(Config\Cache), false)
10 FCPATH\index.php(67): CodeIgniter\CodeIgniter->run()
CRITICAL - 2023-08-08 08:01:45 --> require_once(pages.php): Failed to open stream: No such file or directory
in APPPATH\Views\index.php on line 8.
 1 APPPATH\Views\index.php(8): CodeIgniter\Debug\Exceptions->errorHandler(2, 'require_once(pages.php): Failed to open stream: No such file or directory', 'C:\\xampp\\htdocs\\ci4\\app\\Views\\index.php', 8)
 2 APPPATH\Views\index.php(8): require_once()
 3 SYSTEMPATH\View\View.php(224): include('C:\\xampp\\htdocs\\ci4\\app\\Views\\index.php')
 4 SYSTEMPATH\View\View.php(227): CodeIgniter\View\View->CodeIgniter\View\{closure}()
 5 SYSTEMPATH\Common.php(1176): CodeIgniter\View\View->render('index', [], true)
 6 APPPATH\Controllers\Home.php(11): view('index', [...])
 7 SYSTEMPATH\CodeIgniter.php(932): App\Controllers\Home->index('pages', 'tables')
 8 SYSTEMPATH\CodeIgniter.php(497): CodeIgniter\CodeIgniter->runController(Object(App\Controllers\Home))
 9 SYSTEMPATH\CodeIgniter.php(366): CodeIgniter\CodeIgniter->handleRequest(null, Object(Config\Cache), false)
10 FCPATH\index.php(67): CodeIgniter\CodeIgniter->run()
CRITICAL - 2023-08-08 08:02:00 --> require_once(pages.php): Failed to open stream: No such file or directory
in APPPATH\Views\index.php on line 8.
 1 APPPATH\Views\index.php(8): CodeIgniter\Debug\Exceptions->errorHandler(2, 'require_once(pages.php): Failed to open stream: No such file or directory', 'C:\\xampp\\htdocs\\ci4\\app\\Views\\index.php', 8)
 2 APPPATH\Views\index.php(8): require_once()
 3 SYSTEMPATH\View\View.php(224): include('C:\\xampp\\htdocs\\ci4\\app\\Views\\index.php')
 4 SYSTEMPATH\View\View.php(227): CodeIgniter\View\View->CodeIgniter\View\{closure}()
 5 SYSTEMPATH\Common.php(1176): CodeIgniter\View\View->render('index', [], true)
 6 APPPATH\Controllers\Home.php(11): view('index', [...])
 7 SYSTEMPATH\CodeIgniter.php(932): App\Controllers\Home->index('pages', 'dashboard')
 8 SYSTEMPATH\CodeIgniter.php(497): CodeIgniter\CodeIgniter->runController(Object(App\Controllers\Home))
 9 SYSTEMPATH\CodeIgniter.php(366): CodeIgniter\CodeIgniter->handleRequest(null, Object(Config\Cache), false)
10 FCPATH\index.php(67): CodeIgniter\CodeIgniter->run()
CRITICAL - 2023-08-08 08:07:50 --> require_once(pages.php): Failed to open stream: No such file or directory
in APPPATH\Views\index.php on line 8.
 1 APPPATH\Views\index.php(8): CodeIgniter\Debug\Exceptions->errorHandler(2, 'require_once(pages.php): Failed to open stream: No such file or directory', 'C:\\xampp\\htdocs\\ci4\\app\\Views\\index.php', 8)
 2 APPPATH\Views\index.php(8): require_once()
 3 SYSTEMPATH\View\View.php(224): include('C:\\xampp\\htdocs\\ci4\\app\\Views\\index.php')
 4 SYSTEMPATH\View\View.php(227): CodeIgniter\View\View->CodeIgniter\View\{closure}()
 5 SYSTEMPATH\Common.php(1176): CodeIgniter\View\View->render('index', [], true)
 6 APPPATH\Controllers\Home.php(11): view('index', [...])
 7 SYSTEMPATH\CodeIgniter.php(932): App\Controllers\Home->index('pages', 'tables')
 8 SYSTEMPATH\CodeIgniter.php(497): CodeIgniter\CodeIgniter->runController(Object(App\Controllers\Home))
 9 SYSTEMPATH\CodeIgniter.php(366): CodeIgniter\CodeIgniter->handleRequest(null, Object(Config\Cache), false)
10 FCPATH\index.php(67): CodeIgniter\CodeIgniter->run()
CRITICAL - 2023-08-08 08:11:39 --> require_once(pages.php): Failed to open stream: No such file or directory
in APPPATH\Views\index.php on line 8.
 1 APPPATH\Views\index.php(8): CodeIgniter\Debug\Exceptions->errorHandler(2, 'require_once(pages.php): Failed to open stream: No such file or directory', 'C:\\xampp\\htdocs\\ci4\\app\\Views\\index.php', 8)
 2 APPPATH\Views\index.php(8): require_once()
 3 SYSTEMPATH\View\View.php(224): include('C:\\xampp\\htdocs\\ci4\\app\\Views\\index.php')
 4 SYSTEMPATH\View\View.php(227): CodeIgniter\View\View->CodeIgniter\View\{closure}()
 5 SYSTEMPATH\Common.php(1176): CodeIgniter\View\View->render('index', [], true)
 6 APPPATH\Controllers\Home.php(11): view('index', [...])
 7 SYSTEMPATH\CodeIgniter.php(932): App\Controllers\Home->index('pages', 'dashboard')
 8 SYSTEMPATH\CodeIgniter.php(497): CodeIgniter\CodeIgniter->runController(Object(App\Controllers\Home))
 9 SYSTEMPATH\CodeIgniter.php(366): CodeIgniter\CodeIgniter->handleRequest(null, Object(Config\Cache), false)
10 FCPATH\index.php(67): CodeIgniter\CodeIgniter->run()
CRITICAL - 2023-08-08 08:11:49 --> require_once(pages.php): Failed to open stream: No such file or directory
in APPPATH\Views\index.php on line 8.
 1 APPPATH\Views\index.php(8): CodeIgniter\Debug\Exceptions->errorHandler(2, 'require_once(pages.php): Failed to open stream: No such file or directory', 'C:\\xampp\\htdocs\\ci4\\app\\Views\\index.php', 8)
 2 APPPATH\Views\index.php(8): require_once()
 3 SYSTEMPATH\View\View.php(224): include('C:\\xampp\\htdocs\\ci4\\app\\Views\\index.php')
 4 SYSTEMPATH\View\View.php(227): CodeIgniter\View\View->CodeIgniter\View\{closure}()
 5 SYSTEMPATH\Common.php(1176): CodeIgniter\View\View->render('index', [], true)
 6 APPPATH\Controllers\Home.php(11): view('index', [...])
 7 SYSTEMPATH\CodeIgniter.php(932): App\Controllers\Home->index('pages', 'tables')
 8 SYSTEMPATH\CodeIgniter.php(497): CodeIgniter\CodeIgniter->runController(Object(App\Controllers\Home))
 9 SYSTEMPATH\CodeIgniter.php(366): CodeIgniter\CodeIgniter->handleRequest(null, Object(Config\Cache), false)
10 FCPATH\index.php(67): CodeIgniter\CodeIgniter->run()
CRITICAL - 2023-08-08 08:11:50 --> require_once(pages.php): Failed to open stream: No such file or directory
in APPPATH\Views\index.php on line 8.
 1 APPPATH\Views\index.php(8): CodeIgniter\Debug\Exceptions->errorHandler(2, 'require_once(pages.php): Failed to open stream: No such file or directory', 'C:\\xampp\\htdocs\\ci4\\app\\Views\\index.php', 8)
 2 APPPATH\Views\index.php(8): require_once()
 3 SYSTEMPATH\View\View.php(224): include('C:\\xampp\\htdocs\\ci4\\app\\Views\\index.php')
 4 SYSTEMPATH\View\View.php(227): CodeIgniter\View\View->CodeIgniter\View\{closure}()
 5 SYSTEMPATH\Common.php(1176): CodeIgniter\View\View->render('index', [], true)
 6 APPPATH\Controllers\Home.php(11): view('index', [...])
 7 SYSTEMPATH\CodeIgniter.php(932): App\Controllers\Home->index('pages', 'tables')
 8 SYSTEMPATH\CodeIgniter.php(497): CodeIgniter\CodeIgniter->runController(Object(App\Controllers\Home))
 9 SYSTEMPATH\CodeIgniter.php(366): CodeIgniter\CodeIgniter->handleRequest(null, Object(Config\Cache), false)
10 FCPATH\index.php(67): CodeIgniter\CodeIgniter->run()
CRITICAL - 2023-08-08 08:11:54 --> require_once(pages.php): Failed to open stream: No such file or directory
in APPPATH\Views\index.php on line 8.
 1 APPPATH\Views\index.php(8): CodeIgniter\Debug\Exceptions->errorHandler(2, 'require_once(pages.php): Failed to open stream: No such file or directory', 'C:\\xampp\\htdocs\\ci4\\app\\Views\\index.php', 8)
 2 APPPATH\Views\index.php(8): require_once()
 3 SYSTEMPATH\View\View.php(224): include('C:\\xampp\\htdocs\\ci4\\app\\Views\\index.php')
 4 SYSTEMPATH\View\View.php(227): CodeIgniter\View\View->CodeIgniter\View\{closure}()
 5 SYSTEMPATH\Common.php(1176): CodeIgniter\View\View->render('index', [], true)
 6 APPPATH\Controllers\Home.php(11): view('index', [...])
 7 SYSTEMPATH\CodeIgniter.php(932): App\Controllers\Home->index('pages', 'billing')
 8 SYSTEMPATH\CodeIgniter.php(497): CodeIgniter\CodeIgniter->runController(Object(App\Controllers\Home))
 9 SYSTEMPATH\CodeIgniter.php(366): CodeIgniter\CodeIgniter->handleRequest(null, Object(Config\Cache), false)
10 FCPATH\index.php(67): CodeIgniter\CodeIgniter->run()
CRITICAL - 2023-08-08 08:11:58 --> require_once(pages.php): Failed to open stream: No such file or directory
in APPPATH\Views\index.php on line 8.
 1 APPPATH\Views\index.php(8): CodeIgniter\Debug\Exceptions->errorHandler(2, 'require_once(pages.php): Failed to open stream: No such file or directory', 'C:\\xampp\\htdocs\\ci4\\app\\Views\\index.php', 8)
 2 APPPATH\Views\index.php(8): require_once()
 3 SYSTEMPATH\View\View.php(224): include('C:\\xampp\\htdocs\\ci4\\app\\Views\\index.php')
 4 SYSTEMPATH\View\View.php(227): CodeIgniter\View\View->CodeIgniter\View\{closure}()
 5 SYSTEMPATH\Common.php(1176): CodeIgniter\View\View->render('index', [], true)
 6 APPPATH\Controllers\Home.php(11): view('index', [...])
 7 SYSTEMPATH\CodeIgniter.php(932): App\Controllers\Home->index('pages', 'virtual-reality')
 8 SYSTEMPATH\CodeIgniter.php(497): CodeIgniter\CodeIgniter->runController(Object(App\Controllers\Home))
 9 SYSTEMPATH\CodeIgniter.php(366): CodeIgniter\CodeIgniter->handleRequest(null, Object(Config\Cache), false)
10 FCPATH\index.php(67): CodeIgniter\CodeIgniter->run()
CRITICAL - 2023-08-08 08:16:20 --> require_once(anything.php): Failed to open stream: No such file or directory
in APPPATH\Views\index.php on line 8.
 1 APPPATH\Views\index.php(8): CodeIgniter\Debug\Exceptions->errorHandler(2, 'require_once(anything.php): Failed to open stream: No such file or directory', 'C:\\xampp\\htdocs\\ci4\\app\\Views\\index.php', 8)
 2 APPPATH\Views\index.php(8): require_once()
 3 SYSTEMPATH\View\View.php(224): include('C:\\xampp\\htdocs\\ci4\\app\\Views\\index.php')
 4 SYSTEMPATH\View\View.php(227): CodeIgniter\View\View->CodeIgniter\View\{closure}()
 5 SYSTEMPATH\Common.php(1176): CodeIgniter\View\View->render('index', [], true)
 6 APPPATH\Controllers\Home.php(12): view('index', [...])
 7 SYSTEMPATH\CodeIgniter.php(932): App\Controllers\Home->index('anything')
 8 SYSTEMPATH\CodeIgniter.php(497): CodeIgniter\CodeIgniter->runController(Object(App\Controllers\Home))
 9 SYSTEMPATH\CodeIgniter.php(366): CodeIgniter\CodeIgniter->handleRequest(null, Object(Config\Cache), false)
10 FCPATH\index.php(67): CodeIgniter\CodeIgniter->run()
CRITICAL - 2023-08-08 08:16:31 --> require_once(pages.php): Failed to open stream: No such file or directory
in APPPATH\Views\index.php on line 8.
 1 APPPATH\Views\index.php(8): CodeIgniter\Debug\Exceptions->errorHandler(2, 'require_once(pages.php): Failed to open stream: No such file or directory', 'C:\\xampp\\htdocs\\ci4\\app\\Views\\index.php', 8)
 2 APPPATH\Views\index.php(8): require_once()
 3 SYSTEMPATH\View\View.php(224): include('C:\\xampp\\htdocs\\ci4\\app\\Views\\index.php')
 4 SYSTEMPATH\View\View.php(227): CodeIgniter\View\View->CodeIgniter\View\{closure}()
 5 SYSTEMPATH\Common.php(1176): CodeIgniter\View\View->render('index', [], true)
 6 APPPATH\Controllers\Home.php(12): view('index', [...])
 7 SYSTEMPATH\CodeIgniter.php(932): App\Controllers\Home->index('pages', 'tables')
 8 SYSTEMPATH\CodeIgniter.php(497): CodeIgniter\CodeIgniter->runController(Object(App\Controllers\Home))
 9 SYSTEMPATH\CodeIgniter.php(366): CodeIgniter\CodeIgniter->handleRequest(null, Object(Config\Cache), false)
10 FCPATH\index.php(67): CodeIgniter\CodeIgniter->run()
CRITICAL - 2023-08-08 08:17:28 --> require_once(pages.php): Failed to open stream: No such file or directory
in APPPATH\Views\index.php on line 8.
 1 APPPATH\Views\index.php(8): CodeIgniter\Debug\Exceptions->errorHandler(2, 'require_once(pages.php): Failed to open stream: No such file or directory', 'C:\\xampp\\htdocs\\ci4\\app\\Views\\index.php', 8)
 2 APPPATH\Views\index.php(8): require_once()
 3 SYSTEMPATH\View\View.php(224): include('C:\\xampp\\htdocs\\ci4\\app\\Views\\index.php')
 4 SYSTEMPATH\View\View.php(227): CodeIgniter\View\View->CodeIgniter\View\{closure}()
 5 SYSTEMPATH\Common.php(1176): CodeIgniter\View\View->render('index', [], true)
 6 APPPATH\Controllers\Home.php(12): view('index', [...])
 7 SYSTEMPATH\CodeIgniter.php(932): App\Controllers\Home->index('pages', 'tables')
 8 SYSTEMPATH\CodeIgniter.php(497): CodeIgniter\CodeIgniter->runController(Object(App\Controllers\Home))
 9 SYSTEMPATH\CodeIgniter.php(366): CodeIgniter\CodeIgniter->handleRequest(null, Object(Config\Cache), false)
10 FCPATH\index.php(67): CodeIgniter\CodeIgniter->run()
CRITICAL - 2023-08-08 08:19:02 --> require_once(pages.php): Failed to open stream: No such file or directory
in APPPATH\Views\index.php on line 8.
 1 APPPATH\Views\index.php(8): CodeIgniter\Debug\Exceptions->errorHandler(2, 'require_once(pages.php): Failed to open stream: No such file or directory', 'C:\\xampp\\htdocs\\ci4\\app\\Views\\index.php', 8)
 2 APPPATH\Views\index.php(8): require_once()
 3 SYSTEMPATH\View\View.php(224): include('C:\\xampp\\htdocs\\ci4\\app\\Views\\index.php')
 4 SYSTEMPATH\View\View.php(227): CodeIgniter\View\View->CodeIgniter\View\{closure}()
 5 SYSTEMPATH\Common.php(1176): CodeIgniter\View\View->render('index', [], true)
 6 APPPATH\Controllers\Home.php(12): view('index', [...])
 7 SYSTEMPATH\CodeIgniter.php(932): App\Controllers\Home->index('pages', 'dashboard')
 8 SYSTEMPATH\CodeIgniter.php(497): CodeIgniter\CodeIgniter->runController(Object(App\Controllers\Home))
 9 SYSTEMPATH\CodeIgniter.php(366): CodeIgniter\CodeIgniter->handleRequest(null, Object(Config\Cache), false)
10 FCPATH\index.php(67): CodeIgniter\CodeIgniter->run()
CRITICAL - 2023-08-08 08:19:07 --> require_once(pages.php): Failed to open stream: No such file or directory
in APPPATH\Views\index.php on line 8.
 1 APPPATH\Views\index.php(8): CodeIgniter\Debug\Exceptions->errorHandler(2, 'require_once(pages.php): Failed to open stream: No such file or directory', 'C:\\xampp\\htdocs\\ci4\\app\\Views\\index.php', 8)
 2 APPPATH\Views\index.php(8): require_once()
 3 SYSTEMPATH\View\View.php(224): include('C:\\xampp\\htdocs\\ci4\\app\\Views\\index.php')
 4 SYSTEMPATH\View\View.php(227): CodeIgniter\View\View->CodeIgniter\View\{closure}()
 5 SYSTEMPATH\Common.php(1176): CodeIgniter\View\View->render('index', [], true)
 6 APPPATH\Controllers\Home.php(12): view('index', [...])
 7 SYSTEMPATH\CodeIgniter.php(932): App\Controllers\Home->index('pages', 'dashboard')
 8 SYSTEMPATH\CodeIgniter.php(497): CodeIgniter\CodeIgniter->runController(Object(App\Controllers\Home))
 9 SYSTEMPATH\CodeIgniter.php(366): CodeIgniter\CodeIgniter->handleRequest(null, Object(Config\Cache), false)
10 FCPATH\index.php(67): CodeIgniter\CodeIgniter->run()
CRITICAL - 2023-08-08 08:19:11 --> require_once(pages.php): Failed to open stream: No such file or directory
in APPPATH\Views\index.php on line 8.
 1 APPPATH\Views\index.php(8): CodeIgniter\Debug\Exceptions->errorHandler(2, 'require_once(pages.php): Failed to open stream: No such file or directory', 'C:\\xampp\\htdocs\\ci4\\app\\Views\\index.php', 8)
 2 APPPATH\Views\index.php(8): require_once()
 3 SYSTEMPATH\View\View.php(224): include('C:\\xampp\\htdocs\\ci4\\app\\Views\\index.php')
 4 SYSTEMPATH\View\View.php(227): CodeIgniter\View\View->CodeIgniter\View\{closure}()
 5 SYSTEMPATH\Common.php(1176): CodeIgniter\View\View->render('index', [], true)
 6 APPPATH\Controllers\Home.php(12): view('index', [...])
 7 SYSTEMPATH\CodeIgniter.php(932): App\Controllers\Home->index('pages', 'tables')
 8 SYSTEMPATH\CodeIgniter.php(497): CodeIgniter\CodeIgniter->runController(Object(App\Controllers\Home))
 9 SYSTEMPATH\CodeIgniter.php(366): CodeIgniter\CodeIgniter->handleRequest(null, Object(Config\Cache), false)
10 FCPATH\index.php(67): CodeIgniter\CodeIgniter->run()
CRITICAL - 2023-08-08 08:24:16 --> require_once(pages.php): Failed to open stream: No such file or directory
in APPPATH\Views\index.php on line 8.
 1 APPPATH\Views\index.php(8): CodeIgniter\Debug\Exceptions->errorHandler(2, 'require_once(pages.php): Failed to open stream: No such file or directory', 'C:\\xampp\\htdocs\\ci4\\app\\Views\\index.php', 8)
 2 APPPATH\Views\index.php(8): require_once()
 3 SYSTEMPATH\View\View.php(224): include('C:\\xampp\\htdocs\\ci4\\app\\Views\\index.php')
 4 SYSTEMPATH\View\View.php(227): CodeIgniter\View\View->CodeIgniter\View\{closure}()
 5 SYSTEMPATH\Common.php(1176): CodeIgniter\View\View->render('index', [], true)
 6 APPPATH\Controllers\Home.php(12): view('index', [...])
 7 SYSTEMPATH\CodeIgniter.php(932): App\Controllers\Home->index('pages', 'dashboard')
 8 SYSTEMPATH\CodeIgniter.php(497): CodeIgniter\CodeIgniter->runController(Object(App\Controllers\Home))
 9 SYSTEMPATH\CodeIgniter.php(366): CodeIgniter\CodeIgniter->handleRequest(null, Object(Config\Cache), false)
10 FCPATH\index.php(67): CodeIgniter\CodeIgniter->run()
CRITICAL - 2023-08-08 08:24:21 --> require_once(pages.php): Failed to open stream: No such file or directory
in APPPATH\Views\index.php on line 8.
 1 APPPATH\Views\index.php(8): CodeIgniter\Debug\Exceptions->errorHandler(2, 'require_once(pages.php): Failed to open stream: No such file or directory', 'C:\\xampp\\htdocs\\ci4\\app\\Views\\index.php', 8)
 2 APPPATH\Views\index.php(8): require_once()
 3 SYSTEMPATH\View\View.php(224): include('C:\\xampp\\htdocs\\ci4\\app\\Views\\index.php')
 4 SYSTEMPATH\View\View.php(227): CodeIgniter\View\View->CodeIgniter\View\{closure}()
 5 SYSTEMPATH\Common.php(1176): CodeIgniter\View\View->render('index', [], true)
 6 APPPATH\Controllers\Home.php(12): view('index', [...])
 7 SYSTEMPATH\CodeIgniter.php(932): App\Controllers\Home->index('pages', 'dashboard')
 8 SYSTEMPATH\CodeIgniter.php(497): CodeIgniter\CodeIgniter->runController(Object(App\Controllers\Home))
 9 SYSTEMPATH\CodeIgniter.php(366): CodeIgniter\CodeIgniter->handleRequest(null, Object(Config\Cache), false)
10 FCPATH\index.php(67): CodeIgniter\CodeIgniter->run()
CRITICAL - 2023-08-08 08:24:24 --> require_once(pages.php): Failed to open stream: No such file or directory
in APPPATH\Views\index.php on line 8.
 1 APPPATH\Views\index.php(8): CodeIgniter\Debug\Exceptions->errorHandler(2, 'require_once(pages.php): Failed to open stream: No such file or directory', 'C:\\xampp\\htdocs\\ci4\\app\\Views\\index.php', 8)
 2 APPPATH\Views\index.php(8): require_once()
 3 SYSTEMPATH\View\View.php(224): include('C:\\xampp\\htdocs\\ci4\\app\\Views\\index.php')
 4 SYSTEMPATH\View\View.php(227): CodeIgniter\View\View->CodeIgniter\View\{closure}()
 5 SYSTEMPATH\Common.php(1176): CodeIgniter\View\View->render('index', [], true)
 6 APPPATH\Controllers\Home.php(12): view('index', [...])
 7 SYSTEMPATH\CodeIgniter.php(932): App\Controllers\Home->index('pages', 'dashboard')
 8 SYSTEMPATH\CodeIgniter.php(497): CodeIgniter\CodeIgniter->runController(Object(App\Controllers\Home))
 9 SYSTEMPATH\CodeIgniter.php(366): CodeIgniter\CodeIgniter->handleRequest(null, Object(Config\Cache), false)
10 FCPATH\index.php(67): CodeIgniter\CodeIgniter->run()
CRITICAL - 2023-08-08 08:25:13 --> require_once(pages.php): Failed to open stream: No such file or directory
in APPPATH\Views\index.php on line 8.
 1 APPPATH\Views\index.php(8): CodeIgniter\Debug\Exceptions->errorHandler(2, 'require_once(pages.php): Failed to open stream: No such file or directory', 'C:\\xampp\\htdocs\\ci4\\app\\Views\\index.php', 8)
 2 APPPATH\Views\index.php(8): require_once()
 3 SYSTEMPATH\View\View.php(224): include('C:\\xampp\\htdocs\\ci4\\app\\Views\\index.php')
 4 SYSTEMPATH\View\View.php(227): CodeIgniter\View\View->CodeIgniter\View\{closure}()
 5 SYSTEMPATH\Common.php(1176): CodeIgniter\View\View->render('index', [], true)
 6 APPPATH\Controllers\Home.php(12): view('index', [...])
 7 SYSTEMPATH\CodeIgniter.php(932): App\Controllers\Home->index('pages', 'sign-in')
 8 SYSTEMPATH\CodeIgniter.php(497): CodeIgniter\CodeIgniter->runController(Object(App\Controllers\Home))
 9 SYSTEMPATH\CodeIgniter.php(366): CodeIgniter\CodeIgniter->handleRequest(null, Object(Config\Cache), false)
10 FCPATH\index.php(67): CodeIgniter\CodeIgniter->run()
CRITICAL - 2023-08-08 08:25:23 --> require_once(pages.php): Failed to open stream: No such file or directory
in APPPATH\Views\index.php on line 8.
 1 APPPATH\Views\index.php(8): CodeIgniter\Debug\Exceptions->errorHandler(2, 'require_once(pages.php): Failed to open stream: No such file or directory', 'C:\\xampp\\htdocs\\ci4\\app\\Views\\index.php', 8)
 2 APPPATH\Views\index.php(8): require_once()
 3 SYSTEMPATH\View\View.php(224): include('C:\\xampp\\htdocs\\ci4\\app\\Views\\index.php')
 4 SYSTEMPATH\View\View.php(227): CodeIgniter\View\View->CodeIgniter\View\{closure}()
 5 SYSTEMPATH\Common.php(1176): CodeIgniter\View\View->render('index', [], true)
 6 APPPATH\Controllers\Home.php(12): view('index', [...])
 7 SYSTEMPATH\CodeIgniter.php(932): App\Controllers\Home->index('pages', 'sign-in')
 8 SYSTEMPATH\CodeIgniter.php(497): CodeIgniter\CodeIgniter->runController(Object(App\Controllers\Home))
 9 SYSTEMPATH\CodeIgniter.php(366): CodeIgniter\CodeIgniter->handleRequest(null, Object(Config\Cache), false)
10 FCPATH\index.php(67): CodeIgniter\CodeIgniter->run()
CRITICAL - 2023-08-08 08:25:25 --> require_once(pages.php): Failed to open stream: No such file or directory
in APPPATH\Views\index.php on line 8.
 1 APPPATH\Views\index.php(8): CodeIgniter\Debug\Exceptions->errorHandler(2, 'require_once(pages.php): Failed to open stream: No such file or directory', 'C:\\xampp\\htdocs\\ci4\\app\\Views\\index.php', 8)
 2 APPPATH\Views\index.php(8): require_once()
 3 SYSTEMPATH\View\View.php(224): include('C:\\xampp\\htdocs\\ci4\\app\\Views\\index.php')
 4 SYSTEMPATH\View\View.php(227): CodeIgniter\View\View->CodeIgniter\View\{closure}()
 5 SYSTEMPATH\Common.php(1176): CodeIgniter\View\View->render('index', [], true)
 6 APPPATH\Controllers\Home.php(12): view('index', [...])
 7 SYSTEMPATH\CodeIgniter.php(932): App\Controllers\Home->index('pages', 'sign-in')
 8 SYSTEMPATH\CodeIgniter.php(497): CodeIgniter\CodeIgniter->runController(Object(App\Controllers\Home))
 9 SYSTEMPATH\CodeIgniter.php(366): CodeIgniter\CodeIgniter->handleRequest(null, Object(Config\Cache), false)
10 FCPATH\index.php(67): CodeIgniter\CodeIgniter->run()
CRITICAL - 2023-08-08 08:25:29 --> require_once(pages.php): Failed to open stream: No such file or directory
in APPPATH\Views\index.php on line 8.
 1 APPPATH\Views\index.php(8): CodeIgniter\Debug\Exceptions->errorHandler(2, 'require_once(pages.php): Failed to open stream: No such file or directory', 'C:\\xampp\\htdocs\\ci4\\app\\Views\\index.php', 8)
 2 APPPATH\Views\index.php(8): require_once()
 3 SYSTEMPATH\View\View.php(224): include('C:\\xampp\\htdocs\\ci4\\app\\Views\\index.php')
 4 SYSTEMPATH\View\View.php(227): CodeIgniter\View\View->CodeIgniter\View\{closure}()
 5 SYSTEMPATH\Common.php(1176): CodeIgniter\View\View->render('index', [], true)
 6 APPPATH\Controllers\Home.php(12): view('index', [...])
 7 SYSTEMPATH\CodeIgniter.php(932): App\Controllers\Home->index('pages', 'sign-in')
 8 SYSTEMPATH\CodeIgniter.php(497): CodeIgniter\CodeIgniter->runController(Object(App\Controllers\Home))
 9 SYSTEMPATH\CodeIgniter.php(366): CodeIgniter\CodeIgniter->handleRequest(null, Object(Config\Cache), false)
10 FCPATH\index.php(67): CodeIgniter\CodeIgniter->run()
CRITICAL - 2023-08-08 08:25:37 --> require_once(pages.php): Failed to open stream: No such file or directory
in APPPATH\Views\index.php on line 8.
 1 APPPATH\Views\index.php(8): CodeIgniter\Debug\Exceptions->errorHandler(2, 'require_once(pages.php): Failed to open stream: No such file or directory', 'C:\\xampp\\htdocs\\ci4\\app\\Views\\index.php', 8)
 2 APPPATH\Views\index.php(8): require_once()
 3 SYSTEMPATH\View\View.php(224): include('C:\\xampp\\htdocs\\ci4\\app\\Views\\index.php')
 4 SYSTEMPATH\View\View.php(227): CodeIgniter\View\View->CodeIgniter\View\{closure}()
 5 SYSTEMPATH\Common.php(1176): CodeIgniter\View\View->render('index', [], true)
 6 APPPATH\Controllers\Home.php(12): view('index', [...])
 7 SYSTEMPATH\CodeIgniter.php(932): App\Controllers\Home->index('pages', 'sign-in')
 8 SYSTEMPATH\CodeIgniter.php(497): CodeIgniter\CodeIgniter->runController(Object(App\Controllers\Home))
 9 SYSTEMPATH\CodeIgniter.php(366): CodeIgniter\CodeIgniter->handleRequest(null, Object(Config\Cache), false)
10 FCPATH\index.php(67): CodeIgniter\CodeIgniter->run()
CRITICAL - 2023-08-08 08:25:40 --> require_once(pages.php): Failed to open stream: No such file or directory
in APPPATH\Views\index.php on line 8.
 1 APPPATH\Views\index.php(8): CodeIgniter\Debug\Exceptions->errorHandler(2, 'require_once(pages.php): Failed to open stream: No such file or directory', 'C:\\xampp\\htdocs\\ci4\\app\\Views\\index.php', 8)
 2 APPPATH\Views\index.php(8): require_once()
 3 SYSTEMPATH\View\View.php(224): include('C:\\xampp\\htdocs\\ci4\\app\\Views\\index.php')
 4 SYSTEMPATH\View\View.php(227): CodeIgniter\View\View->CodeIgniter\View\{closure}()
 5 SYSTEMPATH\Common.php(1176): CodeIgniter\View\View->render('index', [], true)
 6 APPPATH\Controllers\Home.php(12): view('index', [...])
 7 SYSTEMPATH\CodeIgniter.php(932): App\Controllers\Home->index('pages', 'sign-up')
 8 SYSTEMPATH\CodeIgniter.php(497): CodeIgniter\CodeIgniter->runController(Object(App\Controllers\Home))
 9 SYSTEMPATH\CodeIgniter.php(366): CodeIgniter\CodeIgniter->handleRequest(null, Object(Config\Cache), false)
10 FCPATH\index.php(67): CodeIgniter\CodeIgniter->run()
CRITICAL - 2023-08-08 08:25:42 --> require_once(pages.php): Failed to open stream: No such file or directory
in APPPATH\Views\index.php on line 8.
 1 APPPATH\Views\index.php(8): CodeIgniter\Debug\Exceptions->errorHandler(2, 'require_once(pages.php): Failed to open stream: No such file or directory', 'C:\\xampp\\htdocs\\ci4\\app\\Views\\index.php', 8)
 2 APPPATH\Views\index.php(8): require_once()
 3 SYSTEMPATH\View\View.php(224): include('C:\\xampp\\htdocs\\ci4\\app\\Views\\index.php')
 4 SYSTEMPATH\View\View.php(227): CodeIgniter\View\View->CodeIgniter\View\{closure}()
 5 SYSTEMPATH\Common.php(1176): CodeIgniter\View\View->render('index', [], true)
 6 APPPATH\Controllers\Home.php(12): view('index', [...])
 7 SYSTEMPATH\CodeIgniter.php(932): App\Controllers\Home->index('pages', 'profile')
 8 SYSTEMPATH\CodeIgniter.php(497): CodeIgniter\CodeIgniter->runController(Object(App\Controllers\Home))
 9 SYSTEMPATH\CodeIgniter.php(366): CodeIgniter\CodeIgniter->handleRequest(null, Object(Config\Cache), false)
10 FCPATH\index.php(67): CodeIgniter\CodeIgniter->run()
CRITICAL - 2023-08-08 08:25:49 --> require_once(pages.php): Failed to open stream: No such file or directory
in APPPATH\Views\index.php on line 8.
 1 APPPATH\Views\index.php(8): CodeIgniter\Debug\Exceptions->errorHandler(2, 'require_once(pages.php): Failed to open stream: No such file or directory', 'C:\\xampp\\htdocs\\ci4\\app\\Views\\index.php', 8)
 2 APPPATH\Views\index.php(8): require_once()
 3 SYSTEMPATH\View\View.php(224): include('C:\\xampp\\htdocs\\ci4\\app\\Views\\index.php')
 4 SYSTEMPATH\View\View.php(227): CodeIgniter\View\View->CodeIgniter\View\{closure}()
 5 SYSTEMPATH\Common.php(1176): CodeIgniter\View\View->render('index', [], true)
 6 APPPATH\Controllers\Home.php(12): view('index', [...])
 7 SYSTEMPATH\CodeIgniter.php(932): App\Controllers\Home->index('pages', 'dashboard')
 8 SYSTEMPATH\CodeIgniter.php(497): CodeIgniter\CodeIgniter->runController(Object(App\Controllers\Home))
 9 SYSTEMPATH\CodeIgniter.php(366): CodeIgniter\CodeIgniter->handleRequest(null, Object(Config\Cache), false)
10 FCPATH\index.php(67): CodeIgniter\CodeIgniter->run()
CRITICAL - 2023-08-08 08:25:54 --> require_once(pages.php): Failed to open stream: No such file or directory
in APPPATH\Views\index.php on line 8.
 1 APPPATH\Views\index.php(8): CodeIgniter\Debug\Exceptions->errorHandler(2, 'require_once(pages.php): Failed to open stream: No such file or directory', 'C:\\xampp\\htdocs\\ci4\\app\\Views\\index.php', 8)
 2 APPPATH\Views\index.php(8): require_once()
 3 SYSTEMPATH\View\View.php(224): include('C:\\xampp\\htdocs\\ci4\\app\\Views\\index.php')
 4 SYSTEMPATH\View\View.php(227): CodeIgniter\View\View->CodeIgniter\View\{closure}()
 5 SYSTEMPATH\Common.php(1176): CodeIgniter\View\View->render('index', [], true)
 6 APPPATH\Controllers\Home.php(12): view('index', [...])
 7 SYSTEMPATH\CodeIgniter.php(932): App\Controllers\Home->index('pages', 'sign-in')
 8 SYSTEMPATH\CodeIgniter.php(497): CodeIgniter\CodeIgniter->runController(Object(App\Controllers\Home))
 9 SYSTEMPATH\CodeIgniter.php(366): CodeIgniter\CodeIgniter->handleRequest(null, Object(Config\Cache), false)
10 FCPATH\index.php(67): CodeIgniter\CodeIgniter->run()
