CRITICAL - 2023-08-15 06:57:03 --> Call to a member function query() on null
in APPPATH\Controllers\Home.php on line 10.
 1 SYSTEMPATH\CodeIgniter.php(932): App\Controllers\Home->index('employer_list')
 2 SYSTEMPATH\CodeIgniter.php(497): CodeIgniter\CodeIgniter->runController(Object(App\Controllers\Home))
 3 SYSTEMPATH\CodeIgniter.php(366): CodeIgniter\CodeIgniter->handleRequest(null, Object(Config\Cache), false)
 4 FCPATH\index.php(67): CodeIgniter\CodeIgniter->run()
CRITICAL - 2023-08-15 07:00:12 --> CodeIgniter\View\View::main(): Failed opening required 'employer_list.php' (include_path='C:\xampp\php\PEAR')
in APPPATH\Views\index.php on line 8.
 1 [internal function]: CodeIgniter\Debug\Exceptions->shutdownHandler()
CRITICAL - 2023-08-15 07:00:18 --> CodeIgniter\View\View::main(): Failed opening required 'employer_list.php' (include_path='C:\xampp\php\PEAR')
in APPPATH\Views\index.php on line 8.
 1 [internal function]: CodeIgniter\Debug\Exceptions->shutdownHandler()
CRITICAL - 2023-08-15 07:01:15 --> Cannot use object of type stdClass as array
in APPPATH\Views\user_list.php on line 156.
 1 APPPATH\Views\index.php(8): require_once()
 2 SYSTEMPATH\View\View.php(224): include('C:\\xampp\\htdocs\\sortlist\\app\\Views\\index.php')
 3 SYSTEMPATH\View\View.php(227): CodeIgniter\View\View->CodeIgniter\View\{closure}()
 4 SYSTEMPATH\Common.php(1176): CodeIgniter\View\View->render('index', [], true)
 5 APPPATH\Controllers\Home.php(19): view('index', [...])
 6 SYSTEMPATH\CodeIgniter.php(932): App\Controllers\Home->index('user_list')
 7 SYSTEMPATH\CodeIgniter.php(497): CodeIgniter\CodeIgniter->runController(Object(App\Controllers\Home))
 8 SYSTEMPATH\CodeIgniter.php(366): CodeIgniter\CodeIgniter->handleRequest(null, Object(Config\Cache), false)
 9 FCPATH\index.php(67): CodeIgniter\CodeIgniter->run()
CRITICAL - 2023-08-15 07:01:39 --> Cannot use object of type stdClass as array
in APPPATH\Views\user_list.php on line 156.
 1 APPPATH\Views\index.php(8): require_once()
 2 SYSTEMPATH\View\View.php(224): include('C:\\xampp\\htdocs\\sortlist\\app\\Views\\index.php')
 3 SYSTEMPATH\View\View.php(227): CodeIgniter\View\View->CodeIgniter\View\{closure}()
 4 SYSTEMPATH\Common.php(1176): CodeIgniter\View\View->render('index', [], true)
 5 APPPATH\Controllers\Home.php(19): view('index', [...])
 6 SYSTEMPATH\CodeIgniter.php(932): App\Controllers\Home->index('user_list')
 7 SYSTEMPATH\CodeIgniter.php(497): CodeIgniter\CodeIgniter->runController(Object(App\Controllers\Home))
 8 SYSTEMPATH\CodeIgniter.php(366): CodeIgniter\CodeIgniter->handleRequest(null, Object(Config\Cache), false)
 9 FCPATH\index.php(67): CodeIgniter\CodeIgniter->run()
CRITICAL - 2023-08-15 07:02:37 --> Cannot use object of type stdClass as array
in APPPATH\Views\user_list.php on line 156.
 1 APPPATH\Views\index.php(8): require_once()
 2 SYSTEMPATH\View\View.php(224): include('C:\\xampp\\htdocs\\sortlist\\app\\Views\\index.php')
 3 SYSTEMPATH\View\View.php(227): CodeIgniter\View\View->CodeIgniter\View\{closure}()
 4 SYSTEMPATH\Common.php(1176): CodeIgniter\View\View->render('index', [], true)
 5 APPPATH\Controllers\Home.php(19): view('index', [...])
 6 SYSTEMPATH\CodeIgniter.php(932): App\Controllers\Home->index('user_list')
 7 SYSTEMPATH\CodeIgniter.php(497): CodeIgniter\CodeIgniter->runController(Object(App\Controllers\Home))
 8 SYSTEMPATH\CodeIgniter.php(366): CodeIgniter\CodeIgniter->handleRequest(null, Object(Config\Cache), false)
 9 FCPATH\index.php(67): CodeIgniter\CodeIgniter->run()
CRITICAL - 2023-08-15 07:25:24 --> CodeIgniter\View\View::main(): Failed opening required 'user.php' (include_path='C:\xampp\php\PEAR')
in APPPATH\Views\index.php on line 8.
 1 [internal function]: CodeIgniter\Debug\Exceptions->shutdownHandler()
CRITICAL - 2023-08-15 07:25:29 --> CodeIgniter\View\View::main(): Failed opening required 'user.php' (include_path='C:\xampp\php\PEAR')
in APPPATH\Views\index.php on line 8.
 1 [internal function]: CodeIgniter\Debug\Exceptions->shutdownHandler()
CRITICAL - 2023-08-15 07:32:30 --> CodeIgniter\View\View::main(): Failed opening required 'user.php' (include_path='C:\xampp\php\PEAR')
in APPPATH\Views\index.php on line 8.
 1 [internal function]: CodeIgniter\Debug\Exceptions->shutdownHandler()
CRITICAL - 2023-08-15 07:32:48 --> CodeIgniter\View\View::main(): Failed opening required 'user.php' (include_path='C:\xampp\php\PEAR')
in APPPATH\Views\index.php on line 8.
 1 [internal function]: CodeIgniter\Debug\Exceptions->shutdownHandler()
CRITICAL - 2023-08-15 07:37:51 --> CodeIgniter\View\View::main(): Failed opening required 'user.php' (include_path='C:\xampp\php\PEAR')
in APPPATH\Views\index.php on line 8.
 1 [internal function]: CodeIgniter\Debug\Exceptions->shutdownHandler()
CRITICAL - 2023-08-15 07:38:45 --> CodeIgniter\View\View::main(): Failed opening required 'user.php' (include_path='C:\xampp\php\PEAR')
in APPPATH\Views\index.php on line 8.
 1 [internal function]: CodeIgniter\Debug\Exceptions->shutdownHandler()
CRITICAL - 2023-08-15 07:38:51 --> CodeIgniter\View\View::main(): Failed opening required 'user.php' (include_path='C:\xampp\php\PEAR')
in APPPATH\Views\index.php on line 8.
 1 [internal function]: CodeIgniter\Debug\Exceptions->shutdownHandler()
CRITICAL - 2023-08-15 07:39:42 --> Invalid file: "user_edit.php"
in SYSTEMPATH\Exceptions\FrameworkException.php on line 33.
 1 SYSTEMPATH\View\View.php(212): CodeIgniter\Exceptions\FrameworkException::forInvalidFile('user_edit.php')
 2 SYSTEMPATH\Common.php(1176): CodeIgniter\View\View->render('user_edit', [], true)
 3 APPPATH\Controllers\Home.php(27): view('user_edit', [...])
 4 SYSTEMPATH\CodeIgniter.php(932): App\Controllers\Home->edit('1')
 5 SYSTEMPATH\CodeIgniter.php(497): CodeIgniter\CodeIgniter->runController(Object(App\Controllers\Home))
 6 SYSTEMPATH\CodeIgniter.php(366): CodeIgniter\CodeIgniter->handleRequest(null, Object(Config\Cache), false)
 7 FCPATH\index.php(67): CodeIgniter\CodeIgniter->run()
CRITICAL - 2023-08-15 09:30:29 --> Invalid file: "user_edit.php"
in SYSTEMPATH\Exceptions\FrameworkException.php on line 33.
 1 SYSTEMPATH\View\View.php(212): CodeIgniter\Exceptions\FrameworkException::forInvalidFile('user_edit.php')
 2 SYSTEMPATH\Common.php(1176): CodeIgniter\View\View->render('user_edit', [], true)
 3 APPPATH\Controllers\User.php(27): view('user_edit', [...])
 4 SYSTEMPATH\CodeIgniter.php(932): App\Controllers\User->edit('1')
 5 SYSTEMPATH\CodeIgniter.php(497): CodeIgniter\CodeIgniter->runController(Object(App\Controllers\User))
 6 SYSTEMPATH\CodeIgniter.php(366): CodeIgniter\CodeIgniter->handleRequest(null, Object(Config\Cache), false)
 7 FCPATH\index.php(67): CodeIgniter\CodeIgniter->run()
CRITICAL - 2023-08-15 09:30:54 --> Invalid file: "user_edit.php"
in SYSTEMPATH\Exceptions\FrameworkException.php on line 33.
 1 SYSTEMPATH\View\View.php(212): CodeIgniter\Exceptions\FrameworkException::forInvalidFile('user_edit.php')
 2 SYSTEMPATH\Common.php(1176): CodeIgniter\View\View->render('user_edit', [], true)
 3 APPPATH\Controllers\User.php(27): view('user_edit', [...])
 4 SYSTEMPATH\CodeIgniter.php(932): App\Controllers\User->edit('1')
 5 SYSTEMPATH\CodeIgniter.php(497): CodeIgniter\CodeIgniter->runController(Object(App\Controllers\User))
 6 SYSTEMPATH\CodeIgniter.php(366): CodeIgniter\CodeIgniter->handleRequest(null, Object(Config\Cache), false)
 7 FCPATH\index.php(67): CodeIgniter\CodeIgniter->run()
CRITICAL - 2023-08-15 09:31:14 --> Invalid file: "index.php"
in SYSTEMPATH\Exceptions\FrameworkException.php on line 33.
 1 SYSTEMPATH\View\View.php(212): CodeIgniter\Exceptions\FrameworkException::forInvalidFile('index.php')
 2 SYSTEMPATH\Common.php(1176): CodeIgniter\View\View->render('index', [], true)
 3 APPPATH\Controllers\Home.php(19): view('index', [...])
 4 SYSTEMPATH\CodeIgniter.php(932): App\Controllers\Home->index('user')
 5 SYSTEMPATH\CodeIgniter.php(497): CodeIgniter\CodeIgniter->runController(Object(App\Controllers\Home))
 6 SYSTEMPATH\CodeIgniter.php(366): CodeIgniter\CodeIgniter->handleRequest(null, Object(Config\Cache), false)
 7 FCPATH\index.php(67): CodeIgniter\CodeIgniter->run()
CRITICAL - 2023-08-15 09:31:26 --> Invalid file: "index.php"
in SYSTEMPATH\Exceptions\FrameworkException.php on line 33.
 1 SYSTEMPATH\View\View.php(212): CodeIgniter\Exceptions\FrameworkException::forInvalidFile('index.php')
 2 SYSTEMPATH\Common.php(1176): CodeIgniter\View\View->render('index', [], true)
 3 APPPATH\Controllers\Home.php(19): view('index', [...])
 4 SYSTEMPATH\CodeIgniter.php(932): App\Controllers\Home->index('user')
 5 SYSTEMPATH\CodeIgniter.php(497): CodeIgniter\CodeIgniter->runController(Object(App\Controllers\Home))
 6 SYSTEMPATH\CodeIgniter.php(366): CodeIgniter\CodeIgniter->handleRequest(null, Object(Config\Cache), false)
 7 FCPATH\index.php(67): CodeIgniter\CodeIgniter->run()
CRITICAL - 2023-08-15 09:32:56 --> CodeIgniter\View\View::main(): Failed opening required 'user_list.php' (include_path='C:\xampp\php\PEAR')
in APPPATH\Views\admin\index.php on line 8.
 1 [internal function]: CodeIgniter\Debug\Exceptions->shutdownHandler()
CRITICAL - 2023-08-15 09:33:47 --> Invalid argument supplied for foreach()
in APPPATH\Views\admin\user\user_list.php on line 147.
 1 APPPATH\Views\admin\user\user_list.php(147): CodeIgniter\Debug\Exceptions->errorHandler(2, 'Invalid argument supplied for foreach()', 'C:\\xampp\\htdocs\\sortlist\\app\\Views\\admin\\user\\user_list.php', 147, [...])
 2 SYSTEMPATH\View\View.php(224): include('C:\\xampp\\htdocs\\sortlist\\app\\Views\\admin\\user\\user_list.php')
 3 SYSTEMPATH\View\View.php(227): CodeIgniter\View\View->CodeIgniter\View\{closure}()
 4 SYSTEMPATH\Common.php(1176): CodeIgniter\View\View->render('admin/user/user_list', [], true)
 5 APPPATH\Controllers\User.php(19): view('admin/user/user_list', [...])
 6 SYSTEMPATH\CodeIgniter.php(932): App\Controllers\User->index('assets', 'img', 'small-logos', 'logo-spotify.svg')
 7 SYSTEMPATH\CodeIgniter.php(497): CodeIgniter\CodeIgniter->runController(Object(App\Controllers\User))
 8 SYSTEMPATH\CodeIgniter.php(366): CodeIgniter\CodeIgniter->handleRequest(null, Object(Config\Cache), false)
 9 FCPATH\index.php(67): CodeIgniter\CodeIgniter->run()
CRITICAL - 2023-08-15 09:33:47 --> Invalid argument supplied for foreach()
in APPPATH\Views\admin\user\user_list.php on line 147.
 1 APPPATH\Views\admin\user\user_list.php(147): CodeIgniter\Debug\Exceptions->errorHandler(2, 'Invalid argument supplied for foreach()', 'C:\\xampp\\htdocs\\sortlist\\app\\Views\\admin\\user\\user_list.php', 147, [...])
 2 SYSTEMPATH\View\View.php(224): include('C:\\xampp\\htdocs\\sortlist\\app\\Views\\admin\\user\\user_list.php')
 3 SYSTEMPATH\View\View.php(227): CodeIgniter\View\View->CodeIgniter\View\{closure}()
 4 SYSTEMPATH\Common.php(1176): CodeIgniter\View\View->render('admin/user/user_list', [], true)
 5 APPPATH\Controllers\User.php(19): view('admin/user/user_list', [...])
 6 SYSTEMPATH\CodeIgniter.php(932): App\Controllers\User->index('assets', 'img', 'team-2.jpg')
 7 SYSTEMPATH\CodeIgniter.php(497): CodeIgniter\CodeIgniter->runController(Object(App\Controllers\User))
 8 SYSTEMPATH\CodeIgniter.php(366): CodeIgniter\CodeIgniter->handleRequest(null, Object(Config\Cache), false)
 9 FCPATH\index.php(67): CodeIgniter\CodeIgniter->run()
CRITICAL - 2023-08-15 09:34:34 --> CodeIgniter\View\View::main(): Failed opening required 'header.php' (include_path='C:\xampp\php\PEAR')
in APPPATH\Views\admin\user\user_list.php on line 5.
 1 [internal function]: CodeIgniter\Debug\Exceptions->shutdownHandler()
CRITICAL - 2023-08-15 09:35:01 --> CodeIgniter\View\View::main(): Failed opening required '../header.php' (include_path='C:\xampp\php\PEAR')
in APPPATH\Views\admin\user\user_list.php on line 5.
 1 [internal function]: CodeIgniter\Debug\Exceptions->shutdownHandler()
CRITICAL - 2023-08-15 09:35:02 --> CodeIgniter\View\View::main(): Failed opening required '../header.php' (include_path='C:\xampp\php\PEAR')
in APPPATH\Views\admin\user\user_list.php on line 5.
 1 [internal function]: CodeIgniter\Debug\Exceptions->shutdownHandler()
CRITICAL - 2023-08-15 09:37:30 --> CodeIgniter\View\View::main(): Failed opening required '../header.php' (include_path='C:\xampp\php\PEAR')
in APPPATH\Views\admin\user\user_list.php on line 5.
 1 [internal function]: CodeIgniter\Debug\Exceptions->shutdownHandler()
CRITICAL - 2023-08-15 09:37:31 --> CodeIgniter\View\View::main(): Failed opening required '../header.php' (include_path='C:\xampp\php\PEAR')
in APPPATH\Views\admin\user\user_list.php on line 5.
 1 [internal function]: CodeIgniter\Debug\Exceptions->shutdownHandler()
CRITICAL - 2023-08-15 09:37:49 --> CodeIgniter\View\View::main(): Failed opening required 'header.php' (include_path='C:\xampp\php\PEAR')
in APPPATH\Views\admin\user\user_list.php on line 5.
 1 [internal function]: CodeIgniter\Debug\Exceptions->shutdownHandler()
CRITICAL - 2023-08-15 09:39:22 --> CodeIgniter\View\View::main(): Failed opening required 'header.php' (include_path='C:\xampp\php\PEAR')
in APPPATH\Views\admin\user\user_list.php on line 5.
 1 [internal function]: CodeIgniter\Debug\Exceptions->shutdownHandler()
CRITICAL - 2023-08-15 09:39:23 --> CodeIgniter\View\View::main(): Failed opening required 'header.php' (include_path='C:\xampp\php\PEAR')
in APPPATH\Views\admin\user\user_list.php on line 5.
 1 [internal function]: CodeIgniter\Debug\Exceptions->shutdownHandler()
CRITICAL - 2023-08-15 09:39:24 --> CodeIgniter\View\View::main(): Failed opening required 'header.php' (include_path='C:\xampp\php\PEAR')
in APPPATH\Views\admin\user\user_list.php on line 5.
 1 [internal function]: CodeIgniter\Debug\Exceptions->shutdownHandler()
CRITICAL - 2023-08-15 09:39:42 --> CodeIgniter\View\View::main(): Failed opening required 'header.php' (include_path='C:\xampp\php\PEAR')
in APPPATH\Views\admin\user\user_list.php on line 5.
 1 [internal function]: CodeIgniter\Debug\Exceptions->shutdownHandler()
CRITICAL - 2023-08-15 09:39:43 --> CodeIgniter\View\View::main(): Failed opening required 'header.php' (include_path='C:\xampp\php\PEAR')
in APPPATH\Views\admin\user\user_list.php on line 5.
 1 [internal function]: CodeIgniter\Debug\Exceptions->shutdownHandler()
CRITICAL - 2023-08-15 09:39:44 --> CodeIgniter\View\View::main(): Failed opening required 'header.php' (include_path='C:\xampp\php\PEAR')
in APPPATH\Views\admin\user\user_list.php on line 5.
 1 [internal function]: CodeIgniter\Debug\Exceptions->shutdownHandler()
CRITICAL - 2023-08-15 09:39:45 --> CodeIgniter\View\View::main(): Failed opening required 'header.php' (include_path='C:\xampp\php\PEAR')
in APPPATH\Views\admin\user\user_list.php on line 5.
 1 [internal function]: CodeIgniter\Debug\Exceptions->shutdownHandler()
CRITICAL - 2023-08-15 09:40:04 --> CodeIgniter\View\View::main(): Failed opening required 'header.php' (include_path='C:\xampp\php\PEAR')
in APPPATH\Views\admin\user\user_list.php on line 5.
 1 [internal function]: CodeIgniter\Debug\Exceptions->shutdownHandler()
CRITICAL - 2023-08-15 09:40:05 --> CodeIgniter\View\View::main(): Failed opening required 'header.php' (include_path='C:\xampp\php\PEAR')
in APPPATH\Views\admin\user\user_list.php on line 5.
 1 [internal function]: CodeIgniter\Debug\Exceptions->shutdownHandler()
CRITICAL - 2023-08-15 09:40:11 --> CodeIgniter\View\View::main(): Failed opening required 'header.php' (include_path='C:\xampp\php\PEAR')
in APPPATH\Views\admin\user\user_list.php on line 5.
 1 [internal function]: CodeIgniter\Debug\Exceptions->shutdownHandler()
CRITICAL - 2023-08-15 09:40:52 --> CodeIgniter\View\View::main(): Failed opening required 'header.php' (include_path='C:\xampp\php\PEAR')
in APPPATH\Views\admin\user\user_list.php on line 5.
 1 [internal function]: CodeIgniter\Debug\Exceptions->shutdownHandler()
CRITICAL - 2023-08-15 09:40:53 --> CodeIgniter\View\View::main(): Failed opening required 'header.php' (include_path='C:\xampp\php\PEAR')
in APPPATH\Views\admin\user\user_list.php on line 5.
 1 [internal function]: CodeIgniter\Debug\Exceptions->shutdownHandler()
CRITICAL - 2023-08-15 09:40:53 --> CodeIgniter\View\View::main(): Failed opening required 'header.php' (include_path='C:\xampp\php\PEAR')
in APPPATH\Views\admin\user\user_list.php on line 5.
 1 [internal function]: CodeIgniter\Debug\Exceptions->shutdownHandler()
CRITICAL - 2023-08-15 09:40:57 --> CodeIgniter\View\View::main(): Failed opening required 'header.php' (include_path='C:\xampp\php\PEAR')
in APPPATH\Views\admin\user\user_list.php on line 5.
 1 [internal function]: CodeIgniter\Debug\Exceptions->shutdownHandler()
CRITICAL - 2023-08-15 09:41:42 --> CodeIgniter\View\View::main(): Failed opening required 'header.php' (include_path='C:\xampp\php\PEAR')
in APPPATH\Views\admin\user\user_list.php on line 5.
 1 [internal function]: CodeIgniter\Debug\Exceptions->shutdownHandler()
CRITICAL - 2023-08-15 09:41:49 --> CodeIgniter\View\View::main(): Failed opening required 'header.php' (include_path='C:\xampp\php\PEAR')
in APPPATH\Views\admin\user\user_list.php on line 5.
 1 [internal function]: CodeIgniter\Debug\Exceptions->shutdownHandler()
CRITICAL - 2023-08-15 09:41:50 --> CodeIgniter\View\View::main(): Failed opening required 'header.php' (include_path='C:\xampp\php\PEAR')
in APPPATH\Views\admin\user\user_list.php on line 5.
 1 [internal function]: CodeIgniter\Debug\Exceptions->shutdownHandler()
CRITICAL - 2023-08-15 09:41:51 --> CodeIgniter\View\View::main(): Failed opening required 'header.php' (include_path='C:\xampp\php\PEAR')
in APPPATH\Views\admin\user\user_list.php on line 5.
 1 [internal function]: CodeIgniter\Debug\Exceptions->shutdownHandler()
CRITICAL - 2023-08-15 09:41:52 --> CodeIgniter\View\View::main(): Failed opening required 'header.php' (include_path='C:\xampp\php\PEAR')
in APPPATH\Views\admin\user\user_list.php on line 5.
 1 [internal function]: CodeIgniter\Debug\Exceptions->shutdownHandler()
CRITICAL - 2023-08-15 09:41:53 --> CodeIgniter\View\View::main(): Failed opening required 'header.php' (include_path='C:\xampp\php\PEAR')
in APPPATH\Views\admin\user\user_list.php on line 5.
 1 [internal function]: CodeIgniter\Debug\Exceptions->shutdownHandler()
CRITICAL - 2023-08-15 09:42:12 --> CodeIgniter\View\View::main(): Failed opening required 'header.php' (include_path='C:\xampp\php\PEAR')
in APPPATH\Views\admin\user\user_list.php on line 5.
 1 [internal function]: CodeIgniter\Debug\Exceptions->shutdownHandler()
CRITICAL - 2023-08-15 09:42:35 --> CodeIgniter\View\View::main(): Failed opening required 'header.php' (include_path='C:\xampp\php\PEAR')
in APPPATH\Views\admin\user\user_list.php on line 5.
 1 [internal function]: CodeIgniter\Debug\Exceptions->shutdownHandler()
CRITICAL - 2023-08-15 09:42:45 --> CodeIgniter\View\View::main(): Failed opening required 'header.php' (include_path='C:\xampp\php\PEAR')
in APPPATH\Views\admin\user\user_list.php on line 5.
 1 [internal function]: CodeIgniter\Debug\Exceptions->shutdownHandler()
CRITICAL - 2023-08-15 09:42:51 --> CodeIgniter\View\View::main(): Failed opening required 'header.php' (include_path='C:\xampp\php\PEAR')
in APPPATH\Views\admin\user\user_list.php on line 5.
 1 [internal function]: CodeIgniter\Debug\Exceptions->shutdownHandler()
CRITICAL - 2023-08-15 09:42:54 --> CodeIgniter\View\View::main(): Failed opening required 'header.php' (include_path='C:\xampp\php\PEAR')
in APPPATH\Views\admin\user\user_list.php on line 5.
 1 [internal function]: CodeIgniter\Debug\Exceptions->shutdownHandler()
CRITICAL - 2023-08-15 09:42:55 --> CodeIgniter\View\View::main(): Failed opening required 'header.php' (include_path='C:\xampp\php\PEAR')
in APPPATH\Views\admin\user\user_list.php on line 5.
 1 [internal function]: CodeIgniter\Debug\Exceptions->shutdownHandler()
CRITICAL - 2023-08-15 09:42:56 --> CodeIgniter\View\View::main(): Failed opening required 'header.php' (include_path='C:\xampp\php\PEAR')
in APPPATH\Views\admin\user\user_list.php on line 5.
 1 [internal function]: CodeIgniter\Debug\Exceptions->shutdownHandler()
CRITICAL - 2023-08-15 09:42:57 --> CodeIgniter\View\View::main(): Failed opening required 'header.php' (include_path='C:\xampp\php\PEAR')
in APPPATH\Views\admin\user\user_list.php on line 5.
 1 [internal function]: CodeIgniter\Debug\Exceptions->shutdownHandler()
CRITICAL - 2023-08-15 09:43:15 --> CodeIgniter\View\View::main(): Failed opening required '../header.php' (include_path='C:\xampp\php\PEAR')
in APPPATH\Views\admin\user\user_list.php on line 5.
 1 [internal function]: CodeIgniter\Debug\Exceptions->shutdownHandler()
CRITICAL - 2023-08-15 09:45:39 --> CodeIgniter\View\View::main(): Failed opening required '/../header.php' (include_path='C:\xampp\php\PEAR')
in APPPATH\Views\admin\user\user_list.php on line 5.
 1 [internal function]: CodeIgniter\Debug\Exceptions->shutdownHandler()
CRITICAL - 2023-08-15 09:45:48 --> CodeIgniter\View\View::main(): Failed opening required '../../header.php' (include_path='C:\xampp\php\PEAR')
in APPPATH\Views\admin\user\user_list.php on line 5.
 1 [internal function]: CodeIgniter\Debug\Exceptions->shutdownHandler()
CRITICAL - 2023-08-15 09:46:58 --> CodeIgniter\View\View::main(): Failed opening required '../sidebar.php' (include_path='C:\xampp\php\PEAR')
in APPPATH\Views\admin\user\user_list.php on line 8.
 1 [internal function]: CodeIgniter\Debug\Exceptions->shutdownHandler()
CRITICAL - 2023-08-15 09:47:09 --> CodeIgniter\View\View::main(): Failed opening required 'C:\xampp\htdocs\sortlist\app\Views\admin\user/header.php' (include_path='C:\xampp\php\PEAR')
in APPPATH\Views\admin\user\user_list.php on line 5.
 1 [internal function]: CodeIgniter\Debug\Exceptions->shutdownHandler()
CRITICAL - 2023-08-15 09:47:54 --> Invalid argument supplied for foreach()
in APPPATH\Views\admin\user\user_list.php on line 155.
 1 APPPATH\Views\admin\user\user_list.php(155): CodeIgniter\Debug\Exceptions->errorHandler(2, 'Invalid argument supplied for foreach()', 'C:\\xampp\\htdocs\\sortlist\\app\\Views\\admin\\user\\user_list.php', 155, [...])
 2 SYSTEMPATH\View\View.php(224): include('C:\\xampp\\htdocs\\sortlist\\app\\Views\\admin\\user\\user_list.php')
 3 SYSTEMPATH\View\View.php(227): CodeIgniter\View\View->CodeIgniter\View\{closure}()
 4 SYSTEMPATH\Common.php(1176): CodeIgniter\View\View->render('admin/user/user_list', [], true)
 5 APPPATH\Controllers\User.php(19): view('admin/user/user_list', [...])
 6 SYSTEMPATH\CodeIgniter.php(932): App\Controllers\User->index('assets', 'css', 'nucleo-icons.css')
 7 SYSTEMPATH\CodeIgniter.php(497): CodeIgniter\CodeIgniter->runController(Object(App\Controllers\User))
 8 SYSTEMPATH\CodeIgniter.php(366): CodeIgniter\CodeIgniter->handleRequest(null, Object(Config\Cache), false)
 9 FCPATH\index.php(67): CodeIgniter\CodeIgniter->run()
CRITICAL - 2023-08-15 09:47:54 --> Invalid argument supplied for foreach()
in APPPATH\Views\admin\user\user_list.php on line 155.
 1 APPPATH\Views\admin\user\user_list.php(155): CodeIgniter\Debug\Exceptions->errorHandler(2, 'Invalid argument supplied for foreach()', 'C:\\xampp\\htdocs\\sortlist\\app\\Views\\admin\\user\\user_list.php', 155, [...])
 2 SYSTEMPATH\View\View.php(224): include('C:\\xampp\\htdocs\\sortlist\\app\\Views\\admin\\user\\user_list.php')
 3 SYSTEMPATH\View\View.php(227): CodeIgniter\View\View->CodeIgniter\View\{closure}()
 4 SYSTEMPATH\Common.php(1176): CodeIgniter\View\View->render('admin/user/user_list', [], true)
 5 APPPATH\Controllers\User.php(19): view('admin/user/user_list', [...])
 6 SYSTEMPATH\CodeIgniter.php(932): App\Controllers\User->index('assets', 'css', 'nucleo-svg.css')
 7 SYSTEMPATH\CodeIgniter.php(497): CodeIgniter\CodeIgniter->runController(Object(App\Controllers\User))
 8 SYSTEMPATH\CodeIgniter.php(366): CodeIgniter\CodeIgniter->handleRequest(null, Object(Config\Cache), false)
 9 FCPATH\index.php(67): CodeIgniter\CodeIgniter->run()
CRITICAL - 2023-08-15 09:47:54 --> Invalid argument supplied for foreach()
in APPPATH\Views\admin\user\user_list.php on line 155.
 1 APPPATH\Views\admin\user\user_list.php(155): CodeIgniter\Debug\Exceptions->errorHandler(2, 'Invalid argument supplied for foreach()', 'C:\\xampp\\htdocs\\sortlist\\app\\Views\\admin\\user\\user_list.php', 155, [...])
 2 SYSTEMPATH\View\View.php(224): include('C:\\xampp\\htdocs\\sortlist\\app\\Views\\admin\\user\\user_list.php')
 3 SYSTEMPATH\View\View.php(227): CodeIgniter\View\View->CodeIgniter\View\{closure}()
 4 SYSTEMPATH\Common.php(1176): CodeIgniter\View\View->render('admin/user/user_list', [], true)
 5 APPPATH\Controllers\User.php(19): view('admin/user/user_list', [...])
 6 SYSTEMPATH\CodeIgniter.php(932): App\Controllers\User->index('assets', 'css', 'material-dashboard.css')
 7 SYSTEMPATH\CodeIgniter.php(497): CodeIgniter\CodeIgniter->runController(Object(App\Controllers\User))
 8 SYSTEMPATH\CodeIgniter.php(366): CodeIgniter\CodeIgniter->handleRequest(null, Object(Config\Cache), false)
 9 FCPATH\index.php(67): CodeIgniter\CodeIgniter->run()
CRITICAL - 2023-08-15 09:47:54 --> Invalid argument supplied for foreach()
in APPPATH\Views\admin\user\user_list.php on line 155.
 1 APPPATH\Views\admin\user\user_list.php(155): CodeIgniter\Debug\Exceptions->errorHandler(2, 'Invalid argument supplied for foreach()', 'C:\\xampp\\htdocs\\sortlist\\app\\Views\\admin\\user\\user_list.php', 155, [...])
 2 SYSTEMPATH\View\View.php(224): include('C:\\xampp\\htdocs\\sortlist\\app\\Views\\admin\\user\\user_list.php')
 3 SYSTEMPATH\View\View.php(227): CodeIgniter\View\View->CodeIgniter\View\{closure}()
 4 SYSTEMPATH\Common.php(1176): CodeIgniter\View\View->render('admin/user/user_list', [], true)
 5 APPPATH\Controllers\User.php(19): view('admin/user/user_list', [...])
 6 SYSTEMPATH\CodeIgniter.php(932): App\Controllers\User->index('assets', 'js', 'core', 'popper.min.js')
 7 SYSTEMPATH\CodeIgniter.php(497): CodeIgniter\CodeIgniter->runController(Object(App\Controllers\User))
 8 SYSTEMPATH\CodeIgniter.php(366): CodeIgniter\CodeIgniter->handleRequest(null, Object(Config\Cache), false)
 9 FCPATH\index.php(67): CodeIgniter\CodeIgniter->run()
CRITICAL - 2023-08-15 09:47:54 --> Invalid argument supplied for foreach()
in APPPATH\Views\admin\user\user_list.php on line 155.
 1 APPPATH\Views\admin\user\user_list.php(155): CodeIgniter\Debug\Exceptions->errorHandler(2, 'Invalid argument supplied for foreach()', 'C:\\xampp\\htdocs\\sortlist\\app\\Views\\admin\\user\\user_list.php', 155, [...])
 2 SYSTEMPATH\View\View.php(224): include('C:\\xampp\\htdocs\\sortlist\\app\\Views\\admin\\user\\user_list.php')
 3 SYSTEMPATH\View\View.php(227): CodeIgniter\View\View->CodeIgniter\View\{closure}()
 4 SYSTEMPATH\Common.php(1176): CodeIgniter\View\View->render('admin/user/user_list', [], true)
 5 APPPATH\Controllers\User.php(19): view('admin/user/user_list', [...])
 6 SYSTEMPATH\CodeIgniter.php(932): App\Controllers\User->index('assets', 'js', 'core', 'bootstrap.min.js')
 7 SYSTEMPATH\CodeIgniter.php(497): CodeIgniter\CodeIgniter->runController(Object(App\Controllers\User))
 8 SYSTEMPATH\CodeIgniter.php(366): CodeIgniter\CodeIgniter->handleRequest(null, Object(Config\Cache), false)
 9 FCPATH\index.php(67): CodeIgniter\CodeIgniter->run()
CRITICAL - 2023-08-15 09:47:54 --> Invalid argument supplied for foreach()
in APPPATH\Views\admin\user\user_list.php on line 155.
 1 APPPATH\Views\admin\user\user_list.php(155): CodeIgniter\Debug\Exceptions->errorHandler(2, 'Invalid argument supplied for foreach()', 'C:\\xampp\\htdocs\\sortlist\\app\\Views\\admin\\user\\user_list.php', 155, [...])
 2 SYSTEMPATH\View\View.php(224): include('C:\\xampp\\htdocs\\sortlist\\app\\Views\\admin\\user\\user_list.php')
 3 SYSTEMPATH\View\View.php(227): CodeIgniter\View\View->CodeIgniter\View\{closure}()
 4 SYSTEMPATH\Common.php(1176): CodeIgniter\View\View->render('admin/user/user_list', [], true)
 5 APPPATH\Controllers\User.php(19): view('admin/user/user_list', [...])
 6 SYSTEMPATH\CodeIgniter.php(932): App\Controllers\User->index('assets', 'js', 'plugins', 'perfect-scrollbar.min.js')
 7 SYSTEMPATH\CodeIgniter.php(497): CodeIgniter\CodeIgniter->runController(Object(App\Controllers\User))
 8 SYSTEMPATH\CodeIgniter.php(366): CodeIgniter\CodeIgniter->handleRequest(null, Object(Config\Cache), false)
 9 FCPATH\index.php(67): CodeIgniter\CodeIgniter->run()
CRITICAL - 2023-08-15 09:47:54 --> Invalid argument supplied for foreach()
in APPPATH\Views\admin\user\user_list.php on line 155.
 1 APPPATH\Views\admin\user\user_list.php(155): CodeIgniter\Debug\Exceptions->errorHandler(2, 'Invalid argument supplied for foreach()', 'C:\\xampp\\htdocs\\sortlist\\app\\Views\\admin\\user\\user_list.php', 155, [...])
 2 SYSTEMPATH\View\View.php(224): include('C:\\xampp\\htdocs\\sortlist\\app\\Views\\admin\\user\\user_list.php')
 3 SYSTEMPATH\View\View.php(227): CodeIgniter\View\View->CodeIgniter\View\{closure}()
 4 SYSTEMPATH\Common.php(1176): CodeIgniter\View\View->render('admin/user/user_list', [], true)
 5 APPPATH\Controllers\User.php(19): view('admin/user/user_list', [...])
 6 SYSTEMPATH\CodeIgniter.php(932): App\Controllers\User->index('assets', 'js', 'plugins', 'smooth-scrollbar.min.js')
 7 SYSTEMPATH\CodeIgniter.php(497): CodeIgniter\CodeIgniter->runController(Object(App\Controllers\User))
 8 SYSTEMPATH\CodeIgniter.php(366): CodeIgniter\CodeIgniter->handleRequest(null, Object(Config\Cache), false)
 9 FCPATH\index.php(67): CodeIgniter\CodeIgniter->run()
CRITICAL - 2023-08-15 09:47:54 --> Invalid argument supplied for foreach()
in APPPATH\Views\admin\user\user_list.php on line 155.
 1 APPPATH\Views\admin\user\user_list.php(155): CodeIgniter\Debug\Exceptions->errorHandler(2, 'Invalid argument supplied for foreach()', 'C:\\xampp\\htdocs\\sortlist\\app\\Views\\admin\\user\\user_list.php', 155, [...])
 2 SYSTEMPATH\View\View.php(224): include('C:\\xampp\\htdocs\\sortlist\\app\\Views\\admin\\user\\user_list.php')
 3 SYSTEMPATH\View\View.php(227): CodeIgniter\View\View->CodeIgniter\View\{closure}()
 4 SYSTEMPATH\Common.php(1176): CodeIgniter\View\View->render('admin/user/user_list', [], true)
 5 APPPATH\Controllers\User.php(19): view('admin/user/user_list', [...])
 6 SYSTEMPATH\CodeIgniter.php(932): App\Controllers\User->index('assets', 'js', 'plugins', 'chartjs.min.js')
 7 SYSTEMPATH\CodeIgniter.php(497): CodeIgniter\CodeIgniter->runController(Object(App\Controllers\User))
 8 SYSTEMPATH\CodeIgniter.php(366): CodeIgniter\CodeIgniter->handleRequest(null, Object(Config\Cache), false)
 9 FCPATH\index.php(67): CodeIgniter\CodeIgniter->run()
CRITICAL - 2023-08-15 09:47:54 --> Invalid argument supplied for foreach()
in APPPATH\Views\admin\user\user_list.php on line 155.
 1 APPPATH\Views\admin\user\user_list.php(155): CodeIgniter\Debug\Exceptions->errorHandler(2, 'Invalid argument supplied for foreach()', 'C:\\xampp\\htdocs\\sortlist\\app\\Views\\admin\\user\\user_list.php', 155, [...])
 2 SYSTEMPATH\View\View.php(224): include('C:\\xampp\\htdocs\\sortlist\\app\\Views\\admin\\user\\user_list.php')
 3 SYSTEMPATH\View\View.php(227): CodeIgniter\View\View->CodeIgniter\View\{closure}()
 4 SYSTEMPATH\Common.php(1176): CodeIgniter\View\View->render('admin/user/user_list', [], true)
 5 APPPATH\Controllers\User.php(19): view('admin/user/user_list', [...])
 6 SYSTEMPATH\CodeIgniter.php(932): App\Controllers\User->index('assets', 'js', 'material-dashboard.min.js')
 7 SYSTEMPATH\CodeIgniter.php(497): CodeIgniter\CodeIgniter->runController(Object(App\Controllers\User))
 8 SYSTEMPATH\CodeIgniter.php(366): CodeIgniter\CodeIgniter->handleRequest(null, Object(Config\Cache), false)
 9 FCPATH\index.php(67): CodeIgniter\CodeIgniter->run()
CRITICAL - 2023-08-15 09:47:54 --> Invalid argument supplied for foreach()
in APPPATH\Views\admin\user\user_list.php on line 155.
 1 APPPATH\Views\admin\user\user_list.php(155): CodeIgniter\Debug\Exceptions->errorHandler(2, 'Invalid argument supplied for foreach()', 'C:\\xampp\\htdocs\\sortlist\\app\\Views\\admin\\user\\user_list.php', 155, [...])
 2 SYSTEMPATH\View\View.php(224): include('C:\\xampp\\htdocs\\sortlist\\app\\Views\\admin\\user\\user_list.php')
 3 SYSTEMPATH\View\View.php(227): CodeIgniter\View\View->CodeIgniter\View\{closure}()
 4 SYSTEMPATH\Common.php(1176): CodeIgniter\View\View->render('admin/user/user_list', [], true)
 5 APPPATH\Controllers\User.php(19): view('admin/user/user_list', [...])
 6 SYSTEMPATH\CodeIgniter.php(932): App\Controllers\User->index('assets', 'img', 'logo-ct.png')
 7 SYSTEMPATH\CodeIgniter.php(497): CodeIgniter\CodeIgniter->runController(Object(App\Controllers\User))
 8 SYSTEMPATH\CodeIgniter.php(366): CodeIgniter\CodeIgniter->handleRequest(null, Object(Config\Cache), false)
 9 FCPATH\index.php(67): CodeIgniter\CodeIgniter->run()
CRITICAL - 2023-08-15 09:47:54 --> Invalid argument supplied for foreach()
in APPPATH\Views\admin\user\user_list.php on line 155.
 1 APPPATH\Views\admin\user\user_list.php(155): CodeIgniter\Debug\Exceptions->errorHandler(2, 'Invalid argument supplied for foreach()', 'C:\\xampp\\htdocs\\sortlist\\app\\Views\\admin\\user\\user_list.php', 155, [...])
 2 SYSTEMPATH\View\View.php(224): include('C:\\xampp\\htdocs\\sortlist\\app\\Views\\admin\\user\\user_list.php')
 3 SYSTEMPATH\View\View.php(227): CodeIgniter\View\View->CodeIgniter\View\{closure}()
 4 SYSTEMPATH\Common.php(1176): CodeIgniter\View\View->render('admin/user/user_list', [], true)
 5 APPPATH\Controllers\User.php(19): view('admin/user/user_list', [...])
 6 SYSTEMPATH\CodeIgniter.php(932): App\Controllers\User->index('assets', 'img', 'team-2.jpg')
 7 SYSTEMPATH\CodeIgniter.php(497): CodeIgniter\CodeIgniter->runController(Object(App\Controllers\User))
 8 SYSTEMPATH\CodeIgniter.php(366): CodeIgniter\CodeIgniter->handleRequest(null, Object(Config\Cache), false)
 9 FCPATH\index.php(67): CodeIgniter\CodeIgniter->run()
CRITICAL - 2023-08-15 09:47:54 --> Invalid argument supplied for foreach()
in APPPATH\Views\admin\user\user_list.php on line 155.
 1 APPPATH\Views\admin\user\user_list.php(155): CodeIgniter\Debug\Exceptions->errorHandler(2, 'Invalid argument supplied for foreach()', 'C:\\xampp\\htdocs\\sortlist\\app\\Views\\admin\\user\\user_list.php', 155, [...])
 2 SYSTEMPATH\View\View.php(224): include('C:\\xampp\\htdocs\\sortlist\\app\\Views\\admin\\user\\user_list.php')
 3 SYSTEMPATH\View\View.php(227): CodeIgniter\View\View->CodeIgniter\View\{closure}()
 4 SYSTEMPATH\Common.php(1176): CodeIgniter\View\View->render('admin/user/user_list', [], true)
 5 APPPATH\Controllers\User.php(19): view('admin/user/user_list', [...])
 6 SYSTEMPATH\CodeIgniter.php(932): App\Controllers\User->index('assets', 'img', 'small-logos', 'logo-spotify.svg')
 7 SYSTEMPATH\CodeIgniter.php(497): CodeIgniter\CodeIgniter->runController(Object(App\Controllers\User))
 8 SYSTEMPATH\CodeIgniter.php(366): CodeIgniter\CodeIgniter->handleRequest(null, Object(Config\Cache), false)
 9 FCPATH\index.php(67): CodeIgniter\CodeIgniter->run()
CRITICAL - 2023-08-15 09:47:55 --> Invalid argument supplied for foreach()
in APPPATH\Views\admin\user\user_list.php on line 155.
 1 APPPATH\Views\admin\user\user_list.php(155): CodeIgniter\Debug\Exceptions->errorHandler(2, 'Invalid argument supplied for foreach()', 'C:\\xampp\\htdocs\\sortlist\\app\\Views\\admin\\user\\user_list.php', 155, [...])
 2 SYSTEMPATH\View\View.php(224): include('C:\\xampp\\htdocs\\sortlist\\app\\Views\\admin\\user\\user_list.php')
 3 SYSTEMPATH\View\View.php(227): CodeIgniter\View\View->CodeIgniter\View\{closure}()
 4 SYSTEMPATH\Common.php(1176): CodeIgniter\View\View->render('admin/user/user_list', [], true)
 5 APPPATH\Controllers\User.php(19): view('admin/user/user_list', [...])
 6 SYSTEMPATH\CodeIgniter.php(932): App\Controllers\User->index('assets', 'img', 'team-2.jpg')
 7 SYSTEMPATH\CodeIgniter.php(497): CodeIgniter\CodeIgniter->runController(Object(App\Controllers\User))
 8 SYSTEMPATH\CodeIgniter.php(366): CodeIgniter\CodeIgniter->handleRequest(null, Object(Config\Cache), false)
 9 FCPATH\index.php(67): CodeIgniter\CodeIgniter->run()
CRITICAL - 2023-08-15 09:47:55 --> Invalid argument supplied for foreach()
in APPPATH\Views\admin\user\user_list.php on line 155.
 1 APPPATH\Views\admin\user\user_list.php(155): CodeIgniter\Debug\Exceptions->errorHandler(2, 'Invalid argument supplied for foreach()', 'C:\\xampp\\htdocs\\sortlist\\app\\Views\\admin\\user\\user_list.php', 155, [...])
 2 SYSTEMPATH\View\View.php(224): include('C:\\xampp\\htdocs\\sortlist\\app\\Views\\admin\\user\\user_list.php')
 3 SYSTEMPATH\View\View.php(227): CodeIgniter\View\View->CodeIgniter\View\{closure}()
 4 SYSTEMPATH\Common.php(1176): CodeIgniter\View\View->render('admin/user/user_list', [], true)
 5 APPPATH\Controllers\User.php(19): view('admin/user/user_list', [...])
 6 SYSTEMPATH\CodeIgniter.php(932): App\Controllers\User->index('assets', 'img', 'favicon.png')
 7 SYSTEMPATH\CodeIgniter.php(497): CodeIgniter\CodeIgniter->runController(Object(App\Controllers\User))
 8 SYSTEMPATH\CodeIgniter.php(366): CodeIgniter\CodeIgniter->handleRequest(null, Object(Config\Cache), false)
 9 FCPATH\index.php(67): CodeIgniter\CodeIgniter->run()
CRITICAL - 2023-08-15 09:48:29 --> Invalid argument supplied for foreach()
in APPPATH\Views\admin\user\user_list.php on line 155.
 1 APPPATH\Views\admin\user\user_list.php(155): CodeIgniter\Debug\Exceptions->errorHandler(2, 'Invalid argument supplied for foreach()', 'C:\\xampp\\htdocs\\sortlist\\app\\Views\\admin\\user\\user_list.php', 155, [...])
 2 SYSTEMPATH\View\View.php(224): include('C:\\xampp\\htdocs\\sortlist\\app\\Views\\admin\\user\\user_list.php')
 3 SYSTEMPATH\View\View.php(227): CodeIgniter\View\View->CodeIgniter\View\{closure}()
 4 SYSTEMPATH\Common.php(1176): CodeIgniter\View\View->render('admin/user/user_list', [], true)
 5 APPPATH\Controllers\User.php(19): view('admin/user/user_list', [...])
 6 SYSTEMPATH\CodeIgniter.php(932): App\Controllers\User->index('assets', 'css', 'nucleo-icons.css')
 7 SYSTEMPATH\CodeIgniter.php(497): CodeIgniter\CodeIgniter->runController(Object(App\Controllers\User))
 8 SYSTEMPATH\CodeIgniter.php(366): CodeIgniter\CodeIgniter->handleRequest(null, Object(Config\Cache), false)
 9 FCPATH\index.php(67): CodeIgniter\CodeIgniter->run()
CRITICAL - 2023-08-15 09:48:29 --> Invalid argument supplied for foreach()
in APPPATH\Views\admin\user\user_list.php on line 155.
 1 APPPATH\Views\admin\user\user_list.php(155): CodeIgniter\Debug\Exceptions->errorHandler(2, 'Invalid argument supplied for foreach()', 'C:\\xampp\\htdocs\\sortlist\\app\\Views\\admin\\user\\user_list.php', 155, [...])
 2 SYSTEMPATH\View\View.php(224): include('C:\\xampp\\htdocs\\sortlist\\app\\Views\\admin\\user\\user_list.php')
 3 SYSTEMPATH\View\View.php(227): CodeIgniter\View\View->CodeIgniter\View\{closure}()
 4 SYSTEMPATH\Common.php(1176): CodeIgniter\View\View->render('admin/user/user_list', [], true)
 5 APPPATH\Controllers\User.php(19): view('admin/user/user_list', [...])
 6 SYSTEMPATH\CodeIgniter.php(932): App\Controllers\User->index('assets', 'css', 'nucleo-svg.css')
 7 SYSTEMPATH\CodeIgniter.php(497): CodeIgniter\CodeIgniter->runController(Object(App\Controllers\User))
 8 SYSTEMPATH\CodeIgniter.php(366): CodeIgniter\CodeIgniter->handleRequest(null, Object(Config\Cache), false)
 9 FCPATH\index.php(67): CodeIgniter\CodeIgniter->run()
CRITICAL - 2023-08-15 09:48:30 --> Invalid argument supplied for foreach()
in APPPATH\Views\admin\user\user_list.php on line 155.
 1 APPPATH\Views\admin\user\user_list.php(155): CodeIgniter\Debug\Exceptions->errorHandler(2, 'Invalid argument supplied for foreach()', 'C:\\xampp\\htdocs\\sortlist\\app\\Views\\admin\\user\\user_list.php', 155, [...])
 2 SYSTEMPATH\View\View.php(224): include('C:\\xampp\\htdocs\\sortlist\\app\\Views\\admin\\user\\user_list.php')
 3 SYSTEMPATH\View\View.php(227): CodeIgniter\View\View->CodeIgniter\View\{closure}()
 4 SYSTEMPATH\Common.php(1176): CodeIgniter\View\View->render('admin/user/user_list', [], true)
 5 APPPATH\Controllers\User.php(19): view('admin/user/user_list', [...])
 6 SYSTEMPATH\CodeIgniter.php(932): App\Controllers\User->index('assets', 'css', 'material-dashboard.css')
 7 SYSTEMPATH\CodeIgniter.php(497): CodeIgniter\CodeIgniter->runController(Object(App\Controllers\User))
 8 SYSTEMPATH\CodeIgniter.php(366): CodeIgniter\CodeIgniter->handleRequest(null, Object(Config\Cache), false)
 9 FCPATH\index.php(67): CodeIgniter\CodeIgniter->run()
CRITICAL - 2023-08-15 09:48:30 --> Invalid argument supplied for foreach()
in APPPATH\Views\admin\user\user_list.php on line 155.
 1 APPPATH\Views\admin\user\user_list.php(155): CodeIgniter\Debug\Exceptions->errorHandler(2, 'Invalid argument supplied for foreach()', 'C:\\xampp\\htdocs\\sortlist\\app\\Views\\admin\\user\\user_list.php', 155, [...])
 2 SYSTEMPATH\View\View.php(224): include('C:\\xampp\\htdocs\\sortlist\\app\\Views\\admin\\user\\user_list.php')
 3 SYSTEMPATH\View\View.php(227): CodeIgniter\View\View->CodeIgniter\View\{closure}()
 4 SYSTEMPATH\Common.php(1176): CodeIgniter\View\View->render('admin/user/user_list', [], true)
 5 APPPATH\Controllers\User.php(19): view('admin/user/user_list', [...])
 6 SYSTEMPATH\CodeIgniter.php(932): App\Controllers\User->index('assets', 'js', 'plugins', 'chartjs.min.js')
 7 SYSTEMPATH\CodeIgniter.php(497): CodeIgniter\CodeIgniter->runController(Object(App\Controllers\User))
 8 SYSTEMPATH\CodeIgniter.php(366): CodeIgniter\CodeIgniter->handleRequest(null, Object(Config\Cache), false)
 9 FCPATH\index.php(67): CodeIgniter\CodeIgniter->run()
CRITICAL - 2023-08-15 09:48:30 --> Invalid argument supplied for foreach()
in APPPATH\Views\admin\user\user_list.php on line 155.
 1 APPPATH\Views\admin\user\user_list.php(155): CodeIgniter\Debug\Exceptions->errorHandler(2, 'Invalid argument supplied for foreach()', 'C:\\xampp\\htdocs\\sortlist\\app\\Views\\admin\\user\\user_list.php', 155, [...])
 2 SYSTEMPATH\View\View.php(224): include('C:\\xampp\\htdocs\\sortlist\\app\\Views\\admin\\user\\user_list.php')
 3 SYSTEMPATH\View\View.php(227): CodeIgniter\View\View->CodeIgniter\View\{closure}()
 4 SYSTEMPATH\Common.php(1176): CodeIgniter\View\View->render('admin/user/user_list', [], true)
 5 APPPATH\Controllers\User.php(19): view('admin/user/user_list', [...])
 6 SYSTEMPATH\CodeIgniter.php(932): App\Controllers\User->index('assets', 'js', 'plugins', 'perfect-scrollbar.min.js')
 7 SYSTEMPATH\CodeIgniter.php(497): CodeIgniter\CodeIgniter->runController(Object(App\Controllers\User))
 8 SYSTEMPATH\CodeIgniter.php(366): CodeIgniter\CodeIgniter->handleRequest(null, Object(Config\Cache), false)
 9 FCPATH\index.php(67): CodeIgniter\CodeIgniter->run()
CRITICAL - 2023-08-15 09:48:30 --> Invalid argument supplied for foreach()
in APPPATH\Views\admin\user\user_list.php on line 155.
 1 APPPATH\Views\admin\user\user_list.php(155): CodeIgniter\Debug\Exceptions->errorHandler(2, 'Invalid argument supplied for foreach()', 'C:\\xampp\\htdocs\\sortlist\\app\\Views\\admin\\user\\user_list.php', 155, [...])
 2 SYSTEMPATH\View\View.php(224): include('C:\\xampp\\htdocs\\sortlist\\app\\Views\\admin\\user\\user_list.php')
 3 SYSTEMPATH\View\View.php(227): CodeIgniter\View\View->CodeIgniter\View\{closure}()
 4 SYSTEMPATH\Common.php(1176): CodeIgniter\View\View->render('admin/user/user_list', [], true)
 5 APPPATH\Controllers\User.php(19): view('admin/user/user_list', [...])
 6 SYSTEMPATH\CodeIgniter.php(932): App\Controllers\User->index('assets', 'js', 'core', 'popper.min.js')
 7 SYSTEMPATH\CodeIgniter.php(497): CodeIgniter\CodeIgniter->runController(Object(App\Controllers\User))
 8 SYSTEMPATH\CodeIgniter.php(366): CodeIgniter\CodeIgniter->handleRequest(null, Object(Config\Cache), false)
 9 FCPATH\index.php(67): CodeIgniter\CodeIgniter->run()
CRITICAL - 2023-08-15 09:48:30 --> Invalid argument supplied for foreach()
in APPPATH\Views\admin\user\user_list.php on line 155.
 1 APPPATH\Views\admin\user\user_list.php(155): CodeIgniter\Debug\Exceptions->errorHandler(2, 'Invalid argument supplied for foreach()', 'C:\\xampp\\htdocs\\sortlist\\app\\Views\\admin\\user\\user_list.php', 155, [...])
 2 SYSTEMPATH\View\View.php(224): include('C:\\xampp\\htdocs\\sortlist\\app\\Views\\admin\\user\\user_list.php')
 3 SYSTEMPATH\View\View.php(227): CodeIgniter\View\View->CodeIgniter\View\{closure}()
 4 SYSTEMPATH\Common.php(1176): CodeIgniter\View\View->render('admin/user/user_list', [], true)
 5 APPPATH\Controllers\User.php(19): view('admin/user/user_list', [...])
 6 SYSTEMPATH\CodeIgniter.php(932): App\Controllers\User->index('assets', 'js', 'material-dashboard.min.js')
 7 SYSTEMPATH\CodeIgniter.php(497): CodeIgniter\CodeIgniter->runController(Object(App\Controllers\User))
 8 SYSTEMPATH\CodeIgniter.php(366): CodeIgniter\CodeIgniter->handleRequest(null, Object(Config\Cache), false)
 9 FCPATH\index.php(67): CodeIgniter\CodeIgniter->run()
CRITICAL - 2023-08-15 09:48:30 --> Invalid argument supplied for foreach()
in APPPATH\Views\admin\user\user_list.php on line 155.
 1 APPPATH\Views\admin\user\user_list.php(155): CodeIgniter\Debug\Exceptions->errorHandler(2, 'Invalid argument supplied for foreach()', 'C:\\xampp\\htdocs\\sortlist\\app\\Views\\admin\\user\\user_list.php', 155, [...])
 2 SYSTEMPATH\View\View.php(224): include('C:\\xampp\\htdocs\\sortlist\\app\\Views\\admin\\user\\user_list.php')
 3 SYSTEMPATH\View\View.php(227): CodeIgniter\View\View->CodeIgniter\View\{closure}()
 4 SYSTEMPATH\Common.php(1176): CodeIgniter\View\View->render('admin/user/user_list', [], true)
 5 APPPATH\Controllers\User.php(19): view('admin/user/user_list', [...])
 6 SYSTEMPATH\CodeIgniter.php(932): App\Controllers\User->index('assets', 'js', 'core', 'bootstrap.min.js')
 7 SYSTEMPATH\CodeIgniter.php(497): CodeIgniter\CodeIgniter->runController(Object(App\Controllers\User))
 8 SYSTEMPATH\CodeIgniter.php(366): CodeIgniter\CodeIgniter->handleRequest(null, Object(Config\Cache), false)
 9 FCPATH\index.php(67): CodeIgniter\CodeIgniter->run()
CRITICAL - 2023-08-15 09:48:30 --> Invalid argument supplied for foreach()
in APPPATH\Views\admin\user\user_list.php on line 155.
 1 APPPATH\Views\admin\user\user_list.php(155): CodeIgniter\Debug\Exceptions->errorHandler(2, 'Invalid argument supplied for foreach()', 'C:\\xampp\\htdocs\\sortlist\\app\\Views\\admin\\user\\user_list.php', 155, [...])
 2 SYSTEMPATH\View\View.php(224): include('C:\\xampp\\htdocs\\sortlist\\app\\Views\\admin\\user\\user_list.php')
 3 SYSTEMPATH\View\View.php(227): CodeIgniter\View\View->CodeIgniter\View\{closure}()
 4 SYSTEMPATH\Common.php(1176): CodeIgniter\View\View->render('admin/user/user_list', [], true)
 5 APPPATH\Controllers\User.php(19): view('admin/user/user_list', [...])
 6 SYSTEMPATH\CodeIgniter.php(932): App\Controllers\User->index('assets', 'js', 'plugins', 'smooth-scrollbar.min.js')
 7 SYSTEMPATH\CodeIgniter.php(497): CodeIgniter\CodeIgniter->runController(Object(App\Controllers\User))
 8 SYSTEMPATH\CodeIgniter.php(366): CodeIgniter\CodeIgniter->handleRequest(null, Object(Config\Cache), false)
 9 FCPATH\index.php(67): CodeIgniter\CodeIgniter->run()
CRITICAL - 2023-08-15 09:48:30 --> Invalid argument supplied for foreach()
in APPPATH\Views\admin\user\user_list.php on line 155.
 1 APPPATH\Views\admin\user\user_list.php(155): CodeIgniter\Debug\Exceptions->errorHandler(2, 'Invalid argument supplied for foreach()', 'C:\\xampp\\htdocs\\sortlist\\app\\Views\\admin\\user\\user_list.php', 155, [...])
 2 SYSTEMPATH\View\View.php(224): include('C:\\xampp\\htdocs\\sortlist\\app\\Views\\admin\\user\\user_list.php')
 3 SYSTEMPATH\View\View.php(227): CodeIgniter\View\View->CodeIgniter\View\{closure}()
 4 SYSTEMPATH\Common.php(1176): CodeIgniter\View\View->render('admin/user/user_list', [], true)
 5 APPPATH\Controllers\User.php(19): view('admin/user/user_list', [...])
 6 SYSTEMPATH\CodeIgniter.php(932): App\Controllers\User->index('assets', 'img', 'logo-ct.png')
 7 SYSTEMPATH\CodeIgniter.php(497): CodeIgniter\CodeIgniter->runController(Object(App\Controllers\User))
 8 SYSTEMPATH\CodeIgniter.php(366): CodeIgniter\CodeIgniter->handleRequest(null, Object(Config\Cache), false)
 9 FCPATH\index.php(67): CodeIgniter\CodeIgniter->run()
CRITICAL - 2023-08-15 09:48:30 --> Invalid argument supplied for foreach()
in APPPATH\Views\admin\user\user_list.php on line 155.
 1 APPPATH\Views\admin\user\user_list.php(155): CodeIgniter\Debug\Exceptions->errorHandler(2, 'Invalid argument supplied for foreach()', 'C:\\xampp\\htdocs\\sortlist\\app\\Views\\admin\\user\\user_list.php', 155, [...])
 2 SYSTEMPATH\View\View.php(224): include('C:\\xampp\\htdocs\\sortlist\\app\\Views\\admin\\user\\user_list.php')
 3 SYSTEMPATH\View\View.php(227): CodeIgniter\View\View->CodeIgniter\View\{closure}()
 4 SYSTEMPATH\Common.php(1176): CodeIgniter\View\View->render('admin/user/user_list', [], true)
 5 APPPATH\Controllers\User.php(19): view('admin/user/user_list', [...])
 6 SYSTEMPATH\CodeIgniter.php(932): App\Controllers\User->index('assets', 'img', 'team-2.jpg')
 7 SYSTEMPATH\CodeIgniter.php(497): CodeIgniter\CodeIgniter->runController(Object(App\Controllers\User))
 8 SYSTEMPATH\CodeIgniter.php(366): CodeIgniter\CodeIgniter->handleRequest(null, Object(Config\Cache), false)
 9 FCPATH\index.php(67): CodeIgniter\CodeIgniter->run()
CRITICAL - 2023-08-15 09:48:30 --> Invalid argument supplied for foreach()
in APPPATH\Views\admin\user\user_list.php on line 155.
 1 APPPATH\Views\admin\user\user_list.php(155): CodeIgniter\Debug\Exceptions->errorHandler(2, 'Invalid argument supplied for foreach()', 'C:\\xampp\\htdocs\\sortlist\\app\\Views\\admin\\user\\user_list.php', 155, [...])
 2 SYSTEMPATH\View\View.php(224): include('C:\\xampp\\htdocs\\sortlist\\app\\Views\\admin\\user\\user_list.php')
 3 SYSTEMPATH\View\View.php(227): CodeIgniter\View\View->CodeIgniter\View\{closure}()
 4 SYSTEMPATH\Common.php(1176): CodeIgniter\View\View->render('admin/user/user_list', [], true)
 5 APPPATH\Controllers\User.php(19): view('admin/user/user_list', [...])
 6 SYSTEMPATH\CodeIgniter.php(932): App\Controllers\User->index('assets', 'img', 'small-logos', 'logo-spotify.svg')
 7 SYSTEMPATH\CodeIgniter.php(497): CodeIgniter\CodeIgniter->runController(Object(App\Controllers\User))
 8 SYSTEMPATH\CodeIgniter.php(366): CodeIgniter\CodeIgniter->handleRequest(null, Object(Config\Cache), false)
 9 FCPATH\index.php(67): CodeIgniter\CodeIgniter->run()
CRITICAL - 2023-08-15 09:48:30 --> Invalid argument supplied for foreach()
in APPPATH\Views\admin\user\user_list.php on line 155.
 1 APPPATH\Views\admin\user\user_list.php(155): CodeIgniter\Debug\Exceptions->errorHandler(2, 'Invalid argument supplied for foreach()', 'C:\\xampp\\htdocs\\sortlist\\app\\Views\\admin\\user\\user_list.php', 155, [...])
 2 SYSTEMPATH\View\View.php(224): include('C:\\xampp\\htdocs\\sortlist\\app\\Views\\admin\\user\\user_list.php')
 3 SYSTEMPATH\View\View.php(227): CodeIgniter\View\View->CodeIgniter\View\{closure}()
 4 SYSTEMPATH\Common.php(1176): CodeIgniter\View\View->render('admin/user/user_list', [], true)
 5 APPPATH\Controllers\User.php(19): view('admin/user/user_list', [...])
 6 SYSTEMPATH\CodeIgniter.php(932): App\Controllers\User->index('assets', 'img', 'favicon.png')
 7 SYSTEMPATH\CodeIgniter.php(497): CodeIgniter\CodeIgniter->runController(Object(App\Controllers\User))
 8 SYSTEMPATH\CodeIgniter.php(366): CodeIgniter\CodeIgniter->handleRequest(null, Object(Config\Cache), false)
 9 FCPATH\index.php(67): CodeIgniter\CodeIgniter->run()
CRITICAL - 2023-08-15 09:48:33 --> Invalid argument supplied for foreach()
in APPPATH\Views\admin\user\user_list.php on line 155.
 1 APPPATH\Views\admin\user\user_list.php(155): CodeIgniter\Debug\Exceptions->errorHandler(2, 'Invalid argument supplied for foreach()', 'C:\\xampp\\htdocs\\sortlist\\app\\Views\\admin\\user\\user_list.php', 155, [...])
 2 SYSTEMPATH\View\View.php(224): include('C:\\xampp\\htdocs\\sortlist\\app\\Views\\admin\\user\\user_list.php')
 3 SYSTEMPATH\View\View.php(227): CodeIgniter\View\View->CodeIgniter\View\{closure}()
 4 SYSTEMPATH\Common.php(1176): CodeIgniter\View\View->render('admin/user/user_list', [], true)
 5 APPPATH\Controllers\User.php(19): view('admin/user/user_list', [...])
 6 SYSTEMPATH\CodeIgniter.php(932): App\Controllers\User->index('assets', 'css', 'nucleo-svg.css')
 7 SYSTEMPATH\CodeIgniter.php(497): CodeIgniter\CodeIgniter->runController(Object(App\Controllers\User))
 8 SYSTEMPATH\CodeIgniter.php(366): CodeIgniter\CodeIgniter->handleRequest(null, Object(Config\Cache), false)
 9 FCPATH\index.php(67): CodeIgniter\CodeIgniter->run()
CRITICAL - 2023-08-15 09:48:33 --> Invalid argument supplied for foreach()
in APPPATH\Views\admin\user\user_list.php on line 155.
 1 APPPATH\Views\admin\user\user_list.php(155): CodeIgniter\Debug\Exceptions->errorHandler(2, 'Invalid argument supplied for foreach()', 'C:\\xampp\\htdocs\\sortlist\\app\\Views\\admin\\user\\user_list.php', 155, [...])
 2 SYSTEMPATH\View\View.php(224): include('C:\\xampp\\htdocs\\sortlist\\app\\Views\\admin\\user\\user_list.php')
 3 SYSTEMPATH\View\View.php(227): CodeIgniter\View\View->CodeIgniter\View\{closure}()
 4 SYSTEMPATH\Common.php(1176): CodeIgniter\View\View->render('admin/user/user_list', [], true)
 5 APPPATH\Controllers\User.php(19): view('admin/user/user_list', [...])
 6 SYSTEMPATH\CodeIgniter.php(932): App\Controllers\User->index('assets', 'css', 'material-dashboard.css')
 7 SYSTEMPATH\CodeIgniter.php(497): CodeIgniter\CodeIgniter->runController(Object(App\Controllers\User))
 8 SYSTEMPATH\CodeIgniter.php(366): CodeIgniter\CodeIgniter->handleRequest(null, Object(Config\Cache), false)
 9 FCPATH\index.php(67): CodeIgniter\CodeIgniter->run()
CRITICAL - 2023-08-15 09:48:33 --> Invalid argument supplied for foreach()
in APPPATH\Views\admin\user\user_list.php on line 155.
 1 APPPATH\Views\admin\user\user_list.php(155): CodeIgniter\Debug\Exceptions->errorHandler(2, 'Invalid argument supplied for foreach()', 'C:\\xampp\\htdocs\\sortlist\\app\\Views\\admin\\user\\user_list.php', 155, [...])
 2 SYSTEMPATH\View\View.php(224): include('C:\\xampp\\htdocs\\sortlist\\app\\Views\\admin\\user\\user_list.php')
 3 SYSTEMPATH\View\View.php(227): CodeIgniter\View\View->CodeIgniter\View\{closure}()
 4 SYSTEMPATH\Common.php(1176): CodeIgniter\View\View->render('admin/user/user_list', [], true)
 5 APPPATH\Controllers\User.php(19): view('admin/user/user_list', [...])
 6 SYSTEMPATH\CodeIgniter.php(932): App\Controllers\User->index('assets', 'css', 'nucleo-icons.css')
 7 SYSTEMPATH\CodeIgniter.php(497): CodeIgniter\CodeIgniter->runController(Object(App\Controllers\User))
 8 SYSTEMPATH\CodeIgniter.php(366): CodeIgniter\CodeIgniter->handleRequest(null, Object(Config\Cache), false)
 9 FCPATH\index.php(67): CodeIgniter\CodeIgniter->run()
CRITICAL - 2023-08-15 09:48:55 --> Invalid argument supplied for foreach()
in APPPATH\Views\admin\user\user_list.php on line 155.
 1 APPPATH\Views\admin\user\user_list.php(155): CodeIgniter\Debug\Exceptions->errorHandler(2, 'Invalid argument supplied for foreach()', 'C:\\xampp\\htdocs\\sortlist\\app\\Views\\admin\\user\\user_list.php', 155, [...])
 2 SYSTEMPATH\View\View.php(224): include('C:\\xampp\\htdocs\\sortlist\\app\\Views\\admin\\user\\user_list.php')
 3 SYSTEMPATH\View\View.php(227): CodeIgniter\View\View->CodeIgniter\View\{closure}()
 4 SYSTEMPATH\Common.php(1176): CodeIgniter\View\View->render('admin/user/user_list', [], true)
 5 APPPATH\Controllers\User.php(19): view('admin/user/user_list', [...])
 6 SYSTEMPATH\CodeIgniter.php(932): App\Controllers\User->index('assets', 'css', 'nucleo-icons.css')
 7 SYSTEMPATH\CodeIgniter.php(497): CodeIgniter\CodeIgniter->runController(Object(App\Controllers\User))
 8 SYSTEMPATH\CodeIgniter.php(366): CodeIgniter\CodeIgniter->handleRequest(null, Object(Config\Cache), false)
 9 FCPATH\index.php(67): CodeIgniter\CodeIgniter->run()
CRITICAL - 2023-08-15 09:49:20 --> Invalid argument supplied for foreach()
in APPPATH\Views\admin\user\user_list.php on line 155.
 1 APPPATH\Views\admin\user\user_list.php(155): CodeIgniter\Debug\Exceptions->errorHandler(2, 'Invalid argument supplied for foreach()', 'C:\\xampp\\htdocs\\sortlist\\app\\Views\\admin\\user\\user_list.php', 155, [...])
 2 SYSTEMPATH\View\View.php(224): include('C:\\xampp\\htdocs\\sortlist\\app\\Views\\admin\\user\\user_list.php')
 3 SYSTEMPATH\View\View.php(227): CodeIgniter\View\View->CodeIgniter\View\{closure}()
 4 SYSTEMPATH\Common.php(1176): CodeIgniter\View\View->render('admin/user/user_list', [], true)
 5 APPPATH\Controllers\User.php(19): view('admin/user/user_list', [...])
 6 SYSTEMPATH\CodeIgniter.php(932): App\Controllers\User->index('assets', 'css', 'material-dashboard.css')
 7 SYSTEMPATH\CodeIgniter.php(497): CodeIgniter\CodeIgniter->runController(Object(App\Controllers\User))
 8 SYSTEMPATH\CodeIgniter.php(366): CodeIgniter\CodeIgniter->handleRequest(null, Object(Config\Cache), false)
 9 FCPATH\index.php(67): CodeIgniter\CodeIgniter->run()
CRITICAL - 2023-08-15 09:49:20 --> Invalid argument supplied for foreach()
in APPPATH\Views\admin\user\user_list.php on line 155.
 1 APPPATH\Views\admin\user\user_list.php(155): CodeIgniter\Debug\Exceptions->errorHandler(2, 'Invalid argument supplied for foreach()', 'C:\\xampp\\htdocs\\sortlist\\app\\Views\\admin\\user\\user_list.php', 155, [...])
 2 SYSTEMPATH\View\View.php(224): include('C:\\xampp\\htdocs\\sortlist\\app\\Views\\admin\\user\\user_list.php')
 3 SYSTEMPATH\View\View.php(227): CodeIgniter\View\View->CodeIgniter\View\{closure}()
 4 SYSTEMPATH\Common.php(1176): CodeIgniter\View\View->render('admin/user/user_list', [], true)
 5 APPPATH\Controllers\User.php(19): view('admin/user/user_list', [...])
 6 SYSTEMPATH\CodeIgniter.php(932): App\Controllers\User->index('assets', 'js', 'core', 'bootstrap.min.js')
 7 SYSTEMPATH\CodeIgniter.php(497): CodeIgniter\CodeIgniter->runController(Object(App\Controllers\User))
 8 SYSTEMPATH\CodeIgniter.php(366): CodeIgniter\CodeIgniter->handleRequest(null, Object(Config\Cache), false)
 9 FCPATH\index.php(67): CodeIgniter\CodeIgniter->run()
CRITICAL - 2023-08-15 09:49:20 --> Invalid argument supplied for foreach()
in APPPATH\Views\admin\user\user_list.php on line 155.
 1 APPPATH\Views\admin\user\user_list.php(155): CodeIgniter\Debug\Exceptions->errorHandler(2, 'Invalid argument supplied for foreach()', 'C:\\xampp\\htdocs\\sortlist\\app\\Views\\admin\\user\\user_list.php', 155, [...])
 2 SYSTEMPATH\View\View.php(224): include('C:\\xampp\\htdocs\\sortlist\\app\\Views\\admin\\user\\user_list.php')
 3 SYSTEMPATH\View\View.php(227): CodeIgniter\View\View->CodeIgniter\View\{closure}()
 4 SYSTEMPATH\Common.php(1176): CodeIgniter\View\View->render('admin/user/user_list', [], true)
 5 APPPATH\Controllers\User.php(19): view('admin/user/user_list', [...])
 6 SYSTEMPATH\CodeIgniter.php(932): App\Controllers\User->index('assets', 'img', 'logo-ct.png')
 7 SYSTEMPATH\CodeIgniter.php(497): CodeIgniter\CodeIgniter->runController(Object(App\Controllers\User))
 8 SYSTEMPATH\CodeIgniter.php(366): CodeIgniter\CodeIgniter->handleRequest(null, Object(Config\Cache), false)
 9 FCPATH\index.php(67): CodeIgniter\CodeIgniter->run()
CRITICAL - 2023-08-15 09:49:20 --> Invalid argument supplied for foreach()
in APPPATH\Views\admin\user\user_list.php on line 155.
 1 APPPATH\Views\admin\user\user_list.php(155): CodeIgniter\Debug\Exceptions->errorHandler(2, 'Invalid argument supplied for foreach()', 'C:\\xampp\\htdocs\\sortlist\\app\\Views\\admin\\user\\user_list.php', 155, [...])
 2 SYSTEMPATH\View\View.php(224): include('C:\\xampp\\htdocs\\sortlist\\app\\Views\\admin\\user\\user_list.php')
 3 SYSTEMPATH\View\View.php(227): CodeIgniter\View\View->CodeIgniter\View\{closure}()
 4 SYSTEMPATH\Common.php(1176): CodeIgniter\View\View->render('admin/user/user_list', [], true)
 5 APPPATH\Controllers\User.php(19): view('admin/user/user_list', [...])
 6 SYSTEMPATH\CodeIgniter.php(932): App\Controllers\User->index('assets', 'js', 'core', 'popper.min.js')
 7 SYSTEMPATH\CodeIgniter.php(497): CodeIgniter\CodeIgniter->runController(Object(App\Controllers\User))
 8 SYSTEMPATH\CodeIgniter.php(366): CodeIgniter\CodeIgniter->handleRequest(null, Object(Config\Cache), false)
 9 FCPATH\index.php(67): CodeIgniter\CodeIgniter->run()
CRITICAL - 2023-08-15 09:49:20 --> Invalid argument supplied for foreach()
in APPPATH\Views\admin\user\user_list.php on line 155.
 1 APPPATH\Views\admin\user\user_list.php(155): CodeIgniter\Debug\Exceptions->errorHandler(2, 'Invalid argument supplied for foreach()', 'C:\\xampp\\htdocs\\sortlist\\app\\Views\\admin\\user\\user_list.php', 155, [...])
 2 SYSTEMPATH\View\View.php(224): include('C:\\xampp\\htdocs\\sortlist\\app\\Views\\admin\\user\\user_list.php')
 3 SYSTEMPATH\View\View.php(227): CodeIgniter\View\View->CodeIgniter\View\{closure}()
 4 SYSTEMPATH\Common.php(1176): CodeIgniter\View\View->render('admin/user/user_list', [], true)
 5 APPPATH\Controllers\User.php(19): view('admin/user/user_list', [...])
 6 SYSTEMPATH\CodeIgniter.php(932): App\Controllers\User->index('assets', 'js', 'material-dashboard.min.js')
 7 SYSTEMPATH\CodeIgniter.php(497): CodeIgniter\CodeIgniter->runController(Object(App\Controllers\User))
 8 SYSTEMPATH\CodeIgniter.php(366): CodeIgniter\CodeIgniter->handleRequest(null, Object(Config\Cache), false)
 9 FCPATH\index.php(67): CodeIgniter\CodeIgniter->run()
CRITICAL - 2023-08-15 09:49:20 --> Invalid argument supplied for foreach()
in APPPATH\Views\admin\user\user_list.php on line 155.
 1 APPPATH\Views\admin\user\user_list.php(155): CodeIgniter\Debug\Exceptions->errorHandler(2, 'Invalid argument supplied for foreach()', 'C:\\xampp\\htdocs\\sortlist\\app\\Views\\admin\\user\\user_list.php', 155, [...])
 2 SYSTEMPATH\View\View.php(224): include('C:\\xampp\\htdocs\\sortlist\\app\\Views\\admin\\user\\user_list.php')
 3 SYSTEMPATH\View\View.php(227): CodeIgniter\View\View->CodeIgniter\View\{closure}()
 4 SYSTEMPATH\Common.php(1176): CodeIgniter\View\View->render('admin/user/user_list', [], true)
 5 APPPATH\Controllers\User.php(19): view('admin/user/user_list', [...])
 6 SYSTEMPATH\CodeIgniter.php(932): App\Controllers\User->index('assets', 'js', 'plugins', 'chartjs.min.js')
 7 SYSTEMPATH\CodeIgniter.php(497): CodeIgniter\CodeIgniter->runController(Object(App\Controllers\User))
 8 SYSTEMPATH\CodeIgniter.php(366): CodeIgniter\CodeIgniter->handleRequest(null, Object(Config\Cache), false)
 9 FCPATH\index.php(67): CodeIgniter\CodeIgniter->run()
CRITICAL - 2023-08-15 09:49:20 --> Invalid argument supplied for foreach()
in APPPATH\Views\admin\user\user_list.php on line 155.
 1 APPPATH\Views\admin\user\user_list.php(155): CodeIgniter\Debug\Exceptions->errorHandler(2, 'Invalid argument supplied for foreach()', 'C:\\xampp\\htdocs\\sortlist\\app\\Views\\admin\\user\\user_list.php', 155, [...])
 2 SYSTEMPATH\View\View.php(224): include('C:\\xampp\\htdocs\\sortlist\\app\\Views\\admin\\user\\user_list.php')
 3 SYSTEMPATH\View\View.php(227): CodeIgniter\View\View->CodeIgniter\View\{closure}()
 4 SYSTEMPATH\Common.php(1176): CodeIgniter\View\View->render('admin/user/user_list', [], true)
 5 APPPATH\Controllers\User.php(19): view('admin/user/user_list', [...])
 6 SYSTEMPATH\CodeIgniter.php(932): App\Controllers\User->index('assets', 'img', 'team-2.jpg')
 7 SYSTEMPATH\CodeIgniter.php(497): CodeIgniter\CodeIgniter->runController(Object(App\Controllers\User))
 8 SYSTEMPATH\CodeIgniter.php(366): CodeIgniter\CodeIgniter->handleRequest(null, Object(Config\Cache), false)
 9 FCPATH\index.php(67): CodeIgniter\CodeIgniter->run()
CRITICAL - 2023-08-15 09:49:20 --> Invalid argument supplied for foreach()
in APPPATH\Views\admin\user\user_list.php on line 155.
 1 APPPATH\Views\admin\user\user_list.php(155): CodeIgniter\Debug\Exceptions->errorHandler(2, 'Invalid argument supplied for foreach()', 'C:\\xampp\\htdocs\\sortlist\\app\\Views\\admin\\user\\user_list.php', 155, [...])
 2 SYSTEMPATH\View\View.php(224): include('C:\\xampp\\htdocs\\sortlist\\app\\Views\\admin\\user\\user_list.php')
 3 SYSTEMPATH\View\View.php(227): CodeIgniter\View\View->CodeIgniter\View\{closure}()
 4 SYSTEMPATH\Common.php(1176): CodeIgniter\View\View->render('admin/user/user_list', [], true)
 5 APPPATH\Controllers\User.php(19): view('admin/user/user_list', [...])
 6 SYSTEMPATH\CodeIgniter.php(932): App\Controllers\User->index('assets', 'js', 'plugins', 'perfect-scrollbar.min.js')
 7 SYSTEMPATH\CodeIgniter.php(497): CodeIgniter\CodeIgniter->runController(Object(App\Controllers\User))
 8 SYSTEMPATH\CodeIgniter.php(366): CodeIgniter\CodeIgniter->handleRequest(null, Object(Config\Cache), false)
 9 FCPATH\index.php(67): CodeIgniter\CodeIgniter->run()
CRITICAL - 2023-08-15 09:49:20 --> Invalid argument supplied for foreach()
in APPPATH\Views\admin\user\user_list.php on line 155.
 1 APPPATH\Views\admin\user\user_list.php(155): CodeIgniter\Debug\Exceptions->errorHandler(2, 'Invalid argument supplied for foreach()', 'C:\\xampp\\htdocs\\sortlist\\app\\Views\\admin\\user\\user_list.php', 155, [...])
 2 SYSTEMPATH\View\View.php(224): include('C:\\xampp\\htdocs\\sortlist\\app\\Views\\admin\\user\\user_list.php')
 3 SYSTEMPATH\View\View.php(227): CodeIgniter\View\View->CodeIgniter\View\{closure}()
 4 SYSTEMPATH\Common.php(1176): CodeIgniter\View\View->render('admin/user/user_list', [], true)
 5 APPPATH\Controllers\User.php(19): view('admin/user/user_list', [...])
 6 SYSTEMPATH\CodeIgniter.php(932): App\Controllers\User->index('assets', 'js', 'plugins', 'smooth-scrollbar.min.js')
 7 SYSTEMPATH\CodeIgniter.php(497): CodeIgniter\CodeIgniter->runController(Object(App\Controllers\User))
 8 SYSTEMPATH\CodeIgniter.php(366): CodeIgniter\CodeIgniter->handleRequest(null, Object(Config\Cache), false)
 9 FCPATH\index.php(67): CodeIgniter\CodeIgniter->run()
CRITICAL - 2023-08-15 09:49:20 --> Invalid argument supplied for foreach()
in APPPATH\Views\admin\user\user_list.php on line 155.
 1 APPPATH\Views\admin\user\user_list.php(155): CodeIgniter\Debug\Exceptions->errorHandler(2, 'Invalid argument supplied for foreach()', 'C:\\xampp\\htdocs\\sortlist\\app\\Views\\admin\\user\\user_list.php', 155, [...])
 2 SYSTEMPATH\View\View.php(224): include('C:\\xampp\\htdocs\\sortlist\\app\\Views\\admin\\user\\user_list.php')
 3 SYSTEMPATH\View\View.php(227): CodeIgniter\View\View->CodeIgniter\View\{closure}()
 4 SYSTEMPATH\Common.php(1176): CodeIgniter\View\View->render('admin/user/user_list', [], true)
 5 APPPATH\Controllers\User.php(19): view('admin/user/user_list', [...])
 6 SYSTEMPATH\CodeIgniter.php(932): App\Controllers\User->index('assets', 'img', 'small-logos', 'logo-spotify.svg')
 7 SYSTEMPATH\CodeIgniter.php(497): CodeIgniter\CodeIgniter->runController(Object(App\Controllers\User))
 8 SYSTEMPATH\CodeIgniter.php(366): CodeIgniter\CodeIgniter->handleRequest(null, Object(Config\Cache), false)
 9 FCPATH\index.php(67): CodeIgniter\CodeIgniter->run()
CRITICAL - 2023-08-15 09:49:21 --> Invalid argument supplied for foreach()
in APPPATH\Views\admin\user\user_list.php on line 155.
 1 APPPATH\Views\admin\user\user_list.php(155): CodeIgniter\Debug\Exceptions->errorHandler(2, 'Invalid argument supplied for foreach()', 'C:\\xampp\\htdocs\\sortlist\\app\\Views\\admin\\user\\user_list.php', 155, [...])
 2 SYSTEMPATH\View\View.php(224): include('C:\\xampp\\htdocs\\sortlist\\app\\Views\\admin\\user\\user_list.php')
 3 SYSTEMPATH\View\View.php(227): CodeIgniter\View\View->CodeIgniter\View\{closure}()
 4 SYSTEMPATH\Common.php(1176): CodeIgniter\View\View->render('admin/user/user_list', [], true)
 5 APPPATH\Controllers\User.php(19): view('admin/user/user_list', [...])
 6 SYSTEMPATH\CodeIgniter.php(932): App\Controllers\User->index('assets', 'img', 'favicon.png')
 7 SYSTEMPATH\CodeIgniter.php(497): CodeIgniter\CodeIgniter->runController(Object(App\Controllers\User))
 8 SYSTEMPATH\CodeIgniter.php(366): CodeIgniter\CodeIgniter->handleRequest(null, Object(Config\Cache), false)
 9 FCPATH\index.php(67): CodeIgniter\CodeIgniter->run()
CRITICAL - 2023-08-15 09:50:04 --> Invalid argument supplied for foreach()
in APPPATH\Views\admin\user\user_list.php on line 155.
 1 APPPATH\Views\admin\user\user_list.php(155): CodeIgniter\Debug\Exceptions->errorHandler(2, 'Invalid argument supplied for foreach()', 'C:\\xampp\\htdocs\\sortlist\\app\\Views\\admin\\user\\user_list.php', 155, [...])
 2 SYSTEMPATH\View\View.php(224): include('C:\\xampp\\htdocs\\sortlist\\app\\Views\\admin\\user\\user_list.php')
 3 SYSTEMPATH\View\View.php(227): CodeIgniter\View\View->CodeIgniter\View\{closure}()
 4 SYSTEMPATH\Common.php(1176): CodeIgniter\View\View->render('admin/user/user_list', [], true)
 5 APPPATH\Controllers\User.php(19): view('admin/user/user_list', [...])
 6 SYSTEMPATH\CodeIgniter.php(932): App\Controllers\User->index('assets', 'img', 'team-2.jpg')
 7 SYSTEMPATH\CodeIgniter.php(497): CodeIgniter\CodeIgniter->runController(Object(App\Controllers\User))
 8 SYSTEMPATH\CodeIgniter.php(366): CodeIgniter\CodeIgniter->handleRequest(null, Object(Config\Cache), false)
 9 FCPATH\index.php(67): CodeIgniter\CodeIgniter->run()
CRITICAL - 2023-08-15 09:50:04 --> Invalid argument supplied for foreach()
in APPPATH\Views\admin\user\user_list.php on line 155.
 1 APPPATH\Views\admin\user\user_list.php(155): CodeIgniter\Debug\Exceptions->errorHandler(2, 'Invalid argument supplied for foreach()', 'C:\\xampp\\htdocs\\sortlist\\app\\Views\\admin\\user\\user_list.php', 155, [...])
 2 SYSTEMPATH\View\View.php(224): include('C:\\xampp\\htdocs\\sortlist\\app\\Views\\admin\\user\\user_list.php')
 3 SYSTEMPATH\View\View.php(227): CodeIgniter\View\View->CodeIgniter\View\{closure}()
 4 SYSTEMPATH\Common.php(1176): CodeIgniter\View\View->render('admin/user/user_list', [], true)
 5 APPPATH\Controllers\User.php(19): view('admin/user/user_list', [...])
 6 SYSTEMPATH\CodeIgniter.php(932): App\Controllers\User->index('assets', 'img', 'small-logos', 'logo-spotify.svg')
 7 SYSTEMPATH\CodeIgniter.php(497): CodeIgniter\CodeIgniter->runController(Object(App\Controllers\User))
 8 SYSTEMPATH\CodeIgniter.php(366): CodeIgniter\CodeIgniter->handleRequest(null, Object(Config\Cache), false)
 9 FCPATH\index.php(67): CodeIgniter\CodeIgniter->run()
CRITICAL - 2023-08-15 09:50:09 --> Invalid argument supplied for foreach()
in APPPATH\Views\admin\user\user_list.php on line 155.
 1 APPPATH\Views\admin\user\user_list.php(155): CodeIgniter\Debug\Exceptions->errorHandler(2, 'Invalid argument supplied for foreach()', 'C:\\xampp\\htdocs\\sortlist\\app\\Views\\admin\\user\\user_list.php', 155, [...])
 2 SYSTEMPATH\View\View.php(224): include('C:\\xampp\\htdocs\\sortlist\\app\\Views\\admin\\user\\user_list.php')
 3 SYSTEMPATH\View\View.php(227): CodeIgniter\View\View->CodeIgniter\View\{closure}()
 4 SYSTEMPATH\Common.php(1176): CodeIgniter\View\View->render('admin/user/user_list', [], true)
 5 APPPATH\Controllers\User.php(19): view('admin/user/user_list', [...])
 6 SYSTEMPATH\CodeIgniter.php(932): App\Controllers\User->index('assets', 'img', 'small-logos', 'logo-spotify.svg')
 7 SYSTEMPATH\CodeIgniter.php(497): CodeIgniter\CodeIgniter->runController(Object(App\Controllers\User))
 8 SYSTEMPATH\CodeIgniter.php(366): CodeIgniter\CodeIgniter->handleRequest(null, Object(Config\Cache), false)
 9 FCPATH\index.php(67): CodeIgniter\CodeIgniter->run()
CRITICAL - 2023-08-15 09:50:09 --> Invalid argument supplied for foreach()
in APPPATH\Views\admin\user\user_list.php on line 155.
 1 APPPATH\Views\admin\user\user_list.php(155): CodeIgniter\Debug\Exceptions->errorHandler(2, 'Invalid argument supplied for foreach()', 'C:\\xampp\\htdocs\\sortlist\\app\\Views\\admin\\user\\user_list.php', 155, [...])
 2 SYSTEMPATH\View\View.php(224): include('C:\\xampp\\htdocs\\sortlist\\app\\Views\\admin\\user\\user_list.php')
 3 SYSTEMPATH\View\View.php(227): CodeIgniter\View\View->CodeIgniter\View\{closure}()
 4 SYSTEMPATH\Common.php(1176): CodeIgniter\View\View->render('admin/user/user_list', [], true)
 5 APPPATH\Controllers\User.php(19): view('admin/user/user_list', [...])
 6 SYSTEMPATH\CodeIgniter.php(932): App\Controllers\User->index('assets', 'img', 'team-2.jpg')
 7 SYSTEMPATH\CodeIgniter.php(497): CodeIgniter\CodeIgniter->runController(Object(App\Controllers\User))
 8 SYSTEMPATH\CodeIgniter.php(366): CodeIgniter\CodeIgniter->handleRequest(null, Object(Config\Cache), false)
 9 FCPATH\index.php(67): CodeIgniter\CodeIgniter->run()
CRITICAL - 2023-08-15 09:50:11 --> Invalid argument supplied for foreach()
in APPPATH\Views\admin\user\user_list.php on line 155.
 1 APPPATH\Views\admin\user\user_list.php(155): CodeIgniter\Debug\Exceptions->errorHandler(2, 'Invalid argument supplied for foreach()', 'C:\\xampp\\htdocs\\sortlist\\app\\Views\\admin\\user\\user_list.php', 155, [...])
 2 SYSTEMPATH\View\View.php(224): include('C:\\xampp\\htdocs\\sortlist\\app\\Views\\admin\\user\\user_list.php')
 3 SYSTEMPATH\View\View.php(227): CodeIgniter\View\View->CodeIgniter\View\{closure}()
 4 SYSTEMPATH\Common.php(1176): CodeIgniter\View\View->render('admin/user/user_list', [], true)
 5 APPPATH\Controllers\User.php(19): view('admin/user/user_list', [...])
 6 SYSTEMPATH\CodeIgniter.php(932): App\Controllers\User->index('tables')
 7 SYSTEMPATH\CodeIgniter.php(497): CodeIgniter\CodeIgniter->runController(Object(App\Controllers\User))
 8 SYSTEMPATH\CodeIgniter.php(366): CodeIgniter\CodeIgniter->handleRequest(null, Object(Config\Cache), false)
 9 FCPATH\index.php(67): CodeIgniter\CodeIgniter->run()
CRITICAL - 2023-08-15 09:50:15 --> Invalid argument supplied for foreach()
in APPPATH\Views\admin\user\user_list.php on line 155.
 1 APPPATH\Views\admin\user\user_list.php(155): CodeIgniter\Debug\Exceptions->errorHandler(2, 'Invalid argument supplied for foreach()', 'C:\\xampp\\htdocs\\sortlist\\app\\Views\\admin\\user\\user_list.php', 155, [...])
 2 SYSTEMPATH\View\View.php(224): include('C:\\xampp\\htdocs\\sortlist\\app\\Views\\admin\\user\\user_list.php')
 3 SYSTEMPATH\View\View.php(227): CodeIgniter\View\View->CodeIgniter\View\{closure}()
 4 SYSTEMPATH\Common.php(1176): CodeIgniter\View\View->render('admin/user/user_list', [], true)
 5 APPPATH\Controllers\User.php(19): view('admin/user/user_list', [...])
 6 SYSTEMPATH\CodeIgniter.php(932): App\Controllers\User->index('assets', 'img', 'team-2.jpg')
 7 SYSTEMPATH\CodeIgniter.php(497): CodeIgniter\CodeIgniter->runController(Object(App\Controllers\User))
 8 SYSTEMPATH\CodeIgniter.php(366): CodeIgniter\CodeIgniter->handleRequest(null, Object(Config\Cache), false)
 9 FCPATH\index.php(67): CodeIgniter\CodeIgniter->run()
CRITICAL - 2023-08-15 09:50:15 --> Invalid argument supplied for foreach()
in APPPATH\Views\admin\user\user_list.php on line 155.
 1 APPPATH\Views\admin\user\user_list.php(155): CodeIgniter\Debug\Exceptions->errorHandler(2, 'Invalid argument supplied for foreach()', 'C:\\xampp\\htdocs\\sortlist\\app\\Views\\admin\\user\\user_list.php', 155, [...])
 2 SYSTEMPATH\View\View.php(224): include('C:\\xampp\\htdocs\\sortlist\\app\\Views\\admin\\user\\user_list.php')
 3 SYSTEMPATH\View\View.php(227): CodeIgniter\View\View->CodeIgniter\View\{closure}()
 4 SYSTEMPATH\Common.php(1176): CodeIgniter\View\View->render('admin/user/user_list', [], true)
 5 APPPATH\Controllers\User.php(19): view('admin/user/user_list', [...])
 6 SYSTEMPATH\CodeIgniter.php(932): App\Controllers\User->index('assets', 'img', 'small-logos', 'logo-spotify.svg')
 7 SYSTEMPATH\CodeIgniter.php(497): CodeIgniter\CodeIgniter->runController(Object(App\Controllers\User))
 8 SYSTEMPATH\CodeIgniter.php(366): CodeIgniter\CodeIgniter->handleRequest(null, Object(Config\Cache), false)
 9 FCPATH\index.php(67): CodeIgniter\CodeIgniter->run()
CRITICAL - 2023-08-15 09:50:25 --> Invalid argument supplied for foreach()
in APPPATH\Views\admin\user\user_list.php on line 155.
 1 APPPATH\Views\admin\user\user_list.php(155): CodeIgniter\Debug\Exceptions->errorHandler(2, 'Invalid argument supplied for foreach()', 'C:\\xampp\\htdocs\\sortlist\\app\\Views\\admin\\user\\user_list.php', 155, [...])
 2 SYSTEMPATH\View\View.php(224): include('C:\\xampp\\htdocs\\sortlist\\app\\Views\\admin\\user\\user_list.php')
 3 SYSTEMPATH\View\View.php(227): CodeIgniter\View\View->CodeIgniter\View\{closure}()
 4 SYSTEMPATH\Common.php(1176): CodeIgniter\View\View->render('admin/user/user_list', [], true)
 5 APPPATH\Controllers\User.php(19): view('admin/user/user_list', [...])
 6 SYSTEMPATH\CodeIgniter.php(932): App\Controllers\User->index('tables')
 7 SYSTEMPATH\CodeIgniter.php(497): CodeIgniter\CodeIgniter->runController(Object(App\Controllers\User))
 8 SYSTEMPATH\CodeIgniter.php(366): CodeIgniter\CodeIgniter->handleRequest(null, Object(Config\Cache), false)
 9 FCPATH\index.php(67): CodeIgniter\CodeIgniter->run()
CRITICAL - 2023-08-15 09:50:28 --> Invalid argument supplied for foreach()
in APPPATH\Views\admin\user\user_list.php on line 155.
 1 APPPATH\Views\admin\user\user_list.php(155): CodeIgniter\Debug\Exceptions->errorHandler(2, 'Invalid argument supplied for foreach()', 'C:\\xampp\\htdocs\\sortlist\\app\\Views\\admin\\user\\user_list.php', 155, [...])
 2 SYSTEMPATH\View\View.php(224): include('C:\\xampp\\htdocs\\sortlist\\app\\Views\\admin\\user\\user_list.php')
 3 SYSTEMPATH\View\View.php(227): CodeIgniter\View\View->CodeIgniter\View\{closure}()
 4 SYSTEMPATH\Common.php(1176): CodeIgniter\View\View->render('admin/user/user_list', [], true)
 5 APPPATH\Controllers\User.php(19): view('admin/user/user_list', [...])
 6 SYSTEMPATH\CodeIgniter.php(932): App\Controllers\User->index('assets', 'img', 'small-logos', 'logo-spotify.svg')
 7 SYSTEMPATH\CodeIgniter.php(497): CodeIgniter\CodeIgniter->runController(Object(App\Controllers\User))
 8 SYSTEMPATH\CodeIgniter.php(366): CodeIgniter\CodeIgniter->handleRequest(null, Object(Config\Cache), false)
 9 FCPATH\index.php(67): CodeIgniter\CodeIgniter->run()
CRITICAL - 2023-08-15 09:50:28 --> Invalid argument supplied for foreach()
in APPPATH\Views\admin\user\user_list.php on line 155.
 1 APPPATH\Views\admin\user\user_list.php(155): CodeIgniter\Debug\Exceptions->errorHandler(2, 'Invalid argument supplied for foreach()', 'C:\\xampp\\htdocs\\sortlist\\app\\Views\\admin\\user\\user_list.php', 155, [...])
 2 SYSTEMPATH\View\View.php(224): include('C:\\xampp\\htdocs\\sortlist\\app\\Views\\admin\\user\\user_list.php')
 3 SYSTEMPATH\View\View.php(227): CodeIgniter\View\View->CodeIgniter\View\{closure}()
 4 SYSTEMPATH\Common.php(1176): CodeIgniter\View\View->render('admin/user/user_list', [], true)
 5 APPPATH\Controllers\User.php(19): view('admin/user/user_list', [...])
 6 SYSTEMPATH\CodeIgniter.php(932): App\Controllers\User->index('assets', 'img', 'team-2.jpg')
 7 SYSTEMPATH\CodeIgniter.php(497): CodeIgniter\CodeIgniter->runController(Object(App\Controllers\User))
 8 SYSTEMPATH\CodeIgniter.php(366): CodeIgniter\CodeIgniter->handleRequest(null, Object(Config\Cache), false)
 9 FCPATH\index.php(67): CodeIgniter\CodeIgniter->run()
CRITICAL - 2023-08-15 09:51:05 --> Invalid argument supplied for foreach()
in APPPATH\Views\admin\user\user_list.php on line 155.
 1 APPPATH\Views\admin\user\user_list.php(155): CodeIgniter\Debug\Exceptions->errorHandler(2, 'Invalid argument supplied for foreach()', 'C:\\xampp\\htdocs\\sortlist\\app\\Views\\admin\\user\\user_list.php', 155, [...])
 2 SYSTEMPATH\View\View.php(224): include('C:\\xampp\\htdocs\\sortlist\\app\\Views\\admin\\user\\user_list.php')
 3 SYSTEMPATH\View\View.php(227): CodeIgniter\View\View->CodeIgniter\View\{closure}()
 4 SYSTEMPATH\Common.php(1176): CodeIgniter\View\View->render('admin/user/user_list', [], true)
 5 APPPATH\Controllers\User.php(19): view('admin/user/user_list', [...])
 6 SYSTEMPATH\CodeIgniter.php(932): App\Controllers\User->index('assets', 'img', 'team-2.jpg')
 7 SYSTEMPATH\CodeIgniter.php(497): CodeIgniter\CodeIgniter->runController(Object(App\Controllers\User))
 8 SYSTEMPATH\CodeIgniter.php(366): CodeIgniter\CodeIgniter->handleRequest(null, Object(Config\Cache), false)
 9 FCPATH\index.php(67): CodeIgniter\CodeIgniter->run()
CRITICAL - 2023-08-15 09:51:05 --> Invalid argument supplied for foreach()
in APPPATH\Views\admin\user\user_list.php on line 155.
 1 APPPATH\Views\admin\user\user_list.php(155): CodeIgniter\Debug\Exceptions->errorHandler(2, 'Invalid argument supplied for foreach()', 'C:\\xampp\\htdocs\\sortlist\\app\\Views\\admin\\user\\user_list.php', 155, [...])
 2 SYSTEMPATH\View\View.php(224): include('C:\\xampp\\htdocs\\sortlist\\app\\Views\\admin\\user\\user_list.php')
 3 SYSTEMPATH\View\View.php(227): CodeIgniter\View\View->CodeIgniter\View\{closure}()
 4 SYSTEMPATH\Common.php(1176): CodeIgniter\View\View->render('admin/user/user_list', [], true)
 5 APPPATH\Controllers\User.php(19): view('admin/user/user_list', [...])
 6 SYSTEMPATH\CodeIgniter.php(932): App\Controllers\User->index('assets', 'img', 'small-logos', 'logo-spotify.svg')
 7 SYSTEMPATH\CodeIgniter.php(497): CodeIgniter\CodeIgniter->runController(Object(App\Controllers\User))
 8 SYSTEMPATH\CodeIgniter.php(366): CodeIgniter\CodeIgniter->handleRequest(null, Object(Config\Cache), false)
 9 FCPATH\index.php(67): CodeIgniter\CodeIgniter->run()
CRITICAL - 2023-08-15 09:53:38 --> A dynamic controller is not allowed for security reasons. Route handler: "\App\Controllers\$1::$2"
in SYSTEMPATH\Router\Router.php on line 483.
 1 SYSTEMPATH\Router\Router.php(483): CodeIgniter\Router\Exceptions\RouterException::forDynamicController('\\App\\Controllers\\$1::$2')
 2 SYSTEMPATH\Router\Router.php(184): CodeIgniter\Router\Router->checkRoutes('admin/User/user_list')
 3 SYSTEMPATH\CodeIgniter.php(813): CodeIgniter\Router\Router->handle('admin/User/user_list')
 4 SYSTEMPATH\CodeIgniter.php(447): CodeIgniter\CodeIgniter->tryToRouteIt(Object(CodeIgniter\Router\RouteCollection))
 5 SYSTEMPATH\CodeIgniter.php(366): CodeIgniter\CodeIgniter->handleRequest(null, Object(Config\Cache), false)
 6 FCPATH\index.php(67): CodeIgniter\CodeIgniter->run()
CRITICAL - 2023-08-15 09:53:43 --> A dynamic controller is not allowed for security reasons. Route handler: "\App\Controllers\$1::$2"
in SYSTEMPATH\Router\Router.php on line 483.
 1 SYSTEMPATH\Router\Router.php(483): CodeIgniter\Router\Exceptions\RouterException::forDynamicController('\\App\\Controllers\\$1::$2')
 2 SYSTEMPATH\Router\Router.php(184): CodeIgniter\Router\Router->checkRoutes('admin/User/user_list')
 3 SYSTEMPATH\CodeIgniter.php(813): CodeIgniter\Router\Router->handle('admin/User/user_list')
 4 SYSTEMPATH\CodeIgniter.php(447): CodeIgniter\CodeIgniter->tryToRouteIt(Object(CodeIgniter\Router\RouteCollection))
 5 SYSTEMPATH\CodeIgniter.php(366): CodeIgniter\CodeIgniter->handleRequest(null, Object(Config\Cache), false)
 6 FCPATH\index.php(67): CodeIgniter\CodeIgniter->run()
CRITICAL - 2023-08-15 09:53:49 --> A dynamic controller is not allowed for security reasons. Route handler: "\App\Controllers\$1::$2"
in SYSTEMPATH\Router\Router.php on line 483.
 1 SYSTEMPATH\Router\Router.php(483): CodeIgniter\Router\Exceptions\RouterException::forDynamicController('\\App\\Controllers\\$1::$2')
 2 SYSTEMPATH\Router\Router.php(184): CodeIgniter\Router\Router->checkRoutes('admin/User/user_list')
 3 SYSTEMPATH\CodeIgniter.php(813): CodeIgniter\Router\Router->handle('admin/User/user_list')
 4 SYSTEMPATH\CodeIgniter.php(447): CodeIgniter\CodeIgniter->tryToRouteIt(Object(CodeIgniter\Router\RouteCollection))
 5 SYSTEMPATH\CodeIgniter.php(366): CodeIgniter\CodeIgniter->handleRequest(null, Object(Config\Cache), false)
 6 FCPATH\index.php(67): CodeIgniter\CodeIgniter->run()
CRITICAL - 2023-08-15 09:54:16 --> A dynamic controller is not allowed for security reasons. Route handler: "\App\Controllers\$1::$2"
in SYSTEMPATH\Router\Router.php on line 483.
 1 SYSTEMPATH\Router\Router.php(483): CodeIgniter\Router\Exceptions\RouterException::forDynamicController('\\App\\Controllers\\$1::$2')
 2 SYSTEMPATH\Router\Router.php(184): CodeIgniter\Router\Router->checkRoutes('admin/User/user_list')
 3 SYSTEMPATH\CodeIgniter.php(813): CodeIgniter\Router\Router->handle('admin/User/user_list')
 4 SYSTEMPATH\CodeIgniter.php(447): CodeIgniter\CodeIgniter->tryToRouteIt(Object(CodeIgniter\Router\RouteCollection))
 5 SYSTEMPATH\CodeIgniter.php(366): CodeIgniter\CodeIgniter->handleRequest(null, Object(Config\Cache), false)
 6 FCPATH\index.php(67): CodeIgniter\CodeIgniter->run()
CRITICAL - 2023-08-15 09:54:17 --> A dynamic controller is not allowed for security reasons. Route handler: "\App\Controllers\$1::$2"
in SYSTEMPATH\Router\Router.php on line 483.
 1 SYSTEMPATH\Router\Router.php(483): CodeIgniter\Router\Exceptions\RouterException::forDynamicController('\\App\\Controllers\\$1::$2')
 2 SYSTEMPATH\Router\Router.php(184): CodeIgniter\Router\Router->checkRoutes('admin/User/user_list')
 3 SYSTEMPATH\CodeIgniter.php(813): CodeIgniter\Router\Router->handle('admin/User/user_list')
 4 SYSTEMPATH\CodeIgniter.php(447): CodeIgniter\CodeIgniter->tryToRouteIt(Object(CodeIgniter\Router\RouteCollection))
 5 SYSTEMPATH\CodeIgniter.php(366): CodeIgniter\CodeIgniter->handleRequest(null, Object(Config\Cache), false)
 6 FCPATH\index.php(67): CodeIgniter\CodeIgniter->run()
CRITICAL - 2023-08-15 09:55:02 --> A dynamic controller is not allowed for security reasons. Route handler: "\App\Controllers\$1::$2/$3"
in SYSTEMPATH\Router\Router.php on line 483.
 1 SYSTEMPATH\Router\Router.php(483): CodeIgniter\Router\Exceptions\RouterException::forDynamicController('\\App\\Controllers\\$1::$2/$3')
 2 SYSTEMPATH\Router\Router.php(184): CodeIgniter\Router\Router->checkRoutes('admin/user/edit/1')
 3 SYSTEMPATH\CodeIgniter.php(813): CodeIgniter\Router\Router->handle('admin/user/edit/1')
 4 SYSTEMPATH\CodeIgniter.php(447): CodeIgniter\CodeIgniter->tryToRouteIt(Object(CodeIgniter\Router\RouteCollection))
 5 SYSTEMPATH\CodeIgniter.php(366): CodeIgniter\CodeIgniter->handleRequest(null, Object(Config\Cache), false)
 6 FCPATH\index.php(67): CodeIgniter\CodeIgniter->run()
CRITICAL - 2023-08-15 09:55:10 --> A dynamic controller is not allowed for security reasons. Route handler: "\App\Controllers\$1::$2/$3"
in SYSTEMPATH\Router\Router.php on line 483.
 1 SYSTEMPATH\Router\Router.php(483): CodeIgniter\Router\Exceptions\RouterException::forDynamicController('\\App\\Controllers\\$1::$2/$3')
 2 SYSTEMPATH\Router\Router.php(184): CodeIgniter\Router\Router->checkRoutes('admin/user/edit/1')
 3 SYSTEMPATH\CodeIgniter.php(813): CodeIgniter\Router\Router->handle('admin/user/edit/1')
 4 SYSTEMPATH\CodeIgniter.php(447): CodeIgniter\CodeIgniter->tryToRouteIt(Object(CodeIgniter\Router\RouteCollection))
 5 SYSTEMPATH\CodeIgniter.php(366): CodeIgniter\CodeIgniter->handleRequest(null, Object(Config\Cache), false)
 6 FCPATH\index.php(67): CodeIgniter\CodeIgniter->run()
CRITICAL - 2023-08-15 09:55:20 --> A dynamic controller is not allowed for security reasons. Route handler: "\App\Controllers\$1::$2/$3"
in SYSTEMPATH\Router\Router.php on line 483.
 1 SYSTEMPATH\Router\Router.php(483): CodeIgniter\Router\Exceptions\RouterException::forDynamicController('\\App\\Controllers\\$1::$2/$3')
 2 SYSTEMPATH\Router\Router.php(184): CodeIgniter\Router\Router->checkRoutes('admin/User/edit/1')
 3 SYSTEMPATH\CodeIgniter.php(813): CodeIgniter\Router\Router->handle('admin/User/edit/1')
 4 SYSTEMPATH\CodeIgniter.php(447): CodeIgniter\CodeIgniter->tryToRouteIt(Object(CodeIgniter\Router\RouteCollection))
 5 SYSTEMPATH\CodeIgniter.php(366): CodeIgniter\CodeIgniter->handleRequest(null, Object(Config\Cache), false)
 6 FCPATH\index.php(67): CodeIgniter\CodeIgniter->run()
ERROR - 2023-08-15 10:18:16 --> mysqli_sql_exception: Unknown column 'user_list' in 'where clause' in C:\xampp\htdocs\sortlist\system\Database\MySQLi\Connection.php:295
Stack trace:
#0 C:\xampp\htdocs\sortlist\system\Database\MySQLi\Connection.php(295): mysqli->query('select * from u...', 0)
#1 C:\xampp\htdocs\sortlist\system\Database\BaseConnection.php(692): CodeIgniter\Database\MySQLi\Connection->execute('select * from u...')
#2 C:\xampp\htdocs\sortlist\system\Database\BaseConnection.php(606): CodeIgniter\Database\BaseConnection->simpleQuery('select * from u...')
#3 C:\xampp\htdocs\sortlist\app\Controllers\User.php(20): CodeIgniter\Database\BaseConnection->query('select * from u...')
#4 C:\xampp\htdocs\sortlist\system\CodeIgniter.php(932): App\Controllers\User->edit('user_list')
#5 C:\xampp\htdocs\sortlist\system\CodeIgniter.php(497): CodeIgniter\CodeIgniter->runController(Object(App\Controllers\User))
#6 C:\xampp\htdocs\sortlist\system\CodeIgniter.php(366): CodeIgniter\CodeIgniter->handleRequest(NULL, Object(Config\Cache), false)
#7 C:\xampp\htdocs\sortlist\public\index.php(67): CodeIgniter\CodeIgniter->run()
#8 {main}
CRITICAL - 2023-08-15 10:18:16 --> Unknown column 'user_list' in 'where clause'
in SYSTEMPATH\Database\MySQLi\Connection.php on line 295.
 1 SYSTEMPATH\Database\MySQLi\Connection.php(295): mysqli->query('select * from users where user_id = user_list', 0)
 2 SYSTEMPATH\Database\BaseConnection.php(692): CodeIgniter\Database\MySQLi\Connection->execute('select * from users where user_id = user_list')
 3 SYSTEMPATH\Database\BaseConnection.php(606): CodeIgniter\Database\BaseConnection->simpleQuery('select * from users where user_id = user_list')
 4 APPPATH\Controllers\User.php(20): CodeIgniter\Database\BaseConnection->query('select * from users where user_id = user_list')
 5 SYSTEMPATH\CodeIgniter.php(932): App\Controllers\User->edit('user_list')
 6 SYSTEMPATH\CodeIgniter.php(497): CodeIgniter\CodeIgniter->runController(Object(App\Controllers\User))
 7 SYSTEMPATH\CodeIgniter.php(366): CodeIgniter\CodeIgniter->handleRequest(null, Object(Config\Cache), false)
 8 FCPATH\index.php(67): CodeIgniter\CodeIgniter->run()
ERROR - 2023-08-15 10:22:01 --> mysqli_sql_exception: Unknown column 'user_list' in 'where clause' in C:\xampp\htdocs\sortlist\system\Database\MySQLi\Connection.php:295
Stack trace:
#0 C:\xampp\htdocs\sortlist\system\Database\MySQLi\Connection.php(295): mysqli->query('select * from u...', 0)
#1 C:\xampp\htdocs\sortlist\system\Database\BaseConnection.php(692): CodeIgniter\Database\MySQLi\Connection->execute('select * from u...')
#2 C:\xampp\htdocs\sortlist\system\Database\BaseConnection.php(606): CodeIgniter\Database\BaseConnection->simpleQuery('select * from u...')
#3 C:\xampp\htdocs\sortlist\app\Controllers\User.php(20): CodeIgniter\Database\BaseConnection->query('select * from u...')
#4 C:\xampp\htdocs\sortlist\system\CodeIgniter.php(932): App\Controllers\User->edit('user_list')
#5 C:\xampp\htdocs\sortlist\system\CodeIgniter.php(497): CodeIgniter\CodeIgniter->runController(Object(App\Controllers\User))
#6 C:\xampp\htdocs\sortlist\system\CodeIgniter.php(366): CodeIgniter\CodeIgniter->handleRequest(NULL, Object(Config\Cache), false)
#7 C:\xampp\htdocs\sortlist\public\index.php(67): CodeIgniter\CodeIgniter->run()
#8 {main}
CRITICAL - 2023-08-15 10:22:01 --> Unknown column 'user_list' in 'where clause'
in SYSTEMPATH\Database\MySQLi\Connection.php on line 295.
 1 SYSTEMPATH\Database\MySQLi\Connection.php(295): mysqli->query('select * from users where user_id = user_list', 0)
 2 SYSTEMPATH\Database\BaseConnection.php(692): CodeIgniter\Database\MySQLi\Connection->execute('select * from users where user_id = user_list')
 3 SYSTEMPATH\Database\BaseConnection.php(606): CodeIgniter\Database\BaseConnection->simpleQuery('select * from users where user_id = user_list')
 4 APPPATH\Controllers\User.php(20): CodeIgniter\Database\BaseConnection->query('select * from users where user_id = user_list')
 5 SYSTEMPATH\CodeIgniter.php(932): App\Controllers\User->edit('user_list')
 6 SYSTEMPATH\CodeIgniter.php(497): CodeIgniter\CodeIgniter->runController(Object(App\Controllers\User))
 7 SYSTEMPATH\CodeIgniter.php(366): CodeIgniter\CodeIgniter->handleRequest(null, Object(Config\Cache), false)
 8 FCPATH\index.php(67): CodeIgniter\CodeIgniter->run()
ERROR - 2023-08-15 10:26:08 --> mysqli_sql_exception: Unknown column 'tables' in 'where clause' in C:\xampp\htdocs\sortlist\system\Database\MySQLi\Connection.php:295
Stack trace:
#0 C:\xampp\htdocs\sortlist\system\Database\MySQLi\Connection.php(295): mysqli->query('select * from u...', 0)
#1 C:\xampp\htdocs\sortlist\system\Database\BaseConnection.php(692): CodeIgniter\Database\MySQLi\Connection->execute('select * from u...')
#2 C:\xampp\htdocs\sortlist\system\Database\BaseConnection.php(606): CodeIgniter\Database\BaseConnection->simpleQuery('select * from u...')
#3 C:\xampp\htdocs\sortlist\app\Controllers\User.php(20): CodeIgniter\Database\BaseConnection->query('select * from u...')
#4 C:\xampp\htdocs\sortlist\system\CodeIgniter.php(932): App\Controllers\User->edit('tables')
#5 C:\xampp\htdocs\sortlist\system\CodeIgniter.php(497): CodeIgniter\CodeIgniter->runController(Object(App\Controllers\User))
#6 C:\xampp\htdocs\sortlist\system\CodeIgniter.php(366): CodeIgniter\CodeIgniter->handleRequest(NULL, Object(Config\Cache), false)
#7 C:\xampp\htdocs\sortlist\public\index.php(67): CodeIgniter\CodeIgniter->run()
#8 {main}
CRITICAL - 2023-08-15 10:26:08 --> Unknown column 'tables' in 'where clause'
in SYSTEMPATH\Database\MySQLi\Connection.php on line 295.
 1 SYSTEMPATH\Database\MySQLi\Connection.php(295): mysqli->query('select * from users where user_id = tables', 0)
 2 SYSTEMPATH\Database\BaseConnection.php(692): CodeIgniter\Database\MySQLi\Connection->execute('select * from users where user_id = tables')
 3 SYSTEMPATH\Database\BaseConnection.php(606): CodeIgniter\Database\BaseConnection->simpleQuery('select * from users where user_id = tables')
 4 APPPATH\Controllers\User.php(20): CodeIgniter\Database\BaseConnection->query('select * from users where user_id = tables')
 5 SYSTEMPATH\CodeIgniter.php(932): App\Controllers\User->edit('tables')
 6 SYSTEMPATH\CodeIgniter.php(497): CodeIgniter\CodeIgniter->runController(Object(App\Controllers\User))
 7 SYSTEMPATH\CodeIgniter.php(366): CodeIgniter\CodeIgniter->handleRequest(null, Object(Config\Cache), false)
 8 FCPATH\index.php(67): CodeIgniter\CodeIgniter->run()
CRITICAL - 2023-08-15 10:35:04 --> CodeIgniter\View\View::main(): Failed opening required 'C:\xampp\htdocs\sortlist\app\Views\admin\user/../setting.php' (include_path='C:\xampp\php\PEAR')
in APPPATH\Views\admin\user\user_edit.php on line 175.
 1 [internal function]: CodeIgniter\Debug\Exceptions->shutdownHandler()
CRITICAL - 2023-08-15 10:37:25 --> CodeIgniter\View\View::main(): Failed opening required 'C:\xampp\htdocs\sortlist\app\Views\admin/../header.php' (include_path='C:\xampp\php\PEAR')
in APPPATH\Views\admin\dashboard.php on line 4.
 1 [internal function]: CodeIgniter\Debug\Exceptions->shutdownHandler()
CRITICAL - 2023-08-15 10:38:06 --> CodeIgniter\View\View::main(): Failed opening required 'C:\xampp\htdocs\sortlist\app\Views\admin/../footer.php' (include_path='C:\xampp\php\PEAR')
in APPPATH\Views\admin\dashboard.php on line 609.
 1 [internal function]: CodeIgniter\Debug\Exceptions->shutdownHandler()
CRITICAL - 2023-08-15 10:46:03 --> CodeIgniter\View\View::main(): Failed opening required 'C:\xampp\htdocs\sortlist\app\Views\admin/script.php' (include_path='C:\xampp\php\PEAR')
in APPPATH\Views\admin\dashboard.php on line 614.
 1 [internal function]: CodeIgniter\Debug\Exceptions->shutdownHandler()
